WARNING: Skipping mount /var/tmp [tmp]: /var/tmp doesn't exist in container
You are using fMRIPrep-23.1.4, and a newer version of fMRIPrep is available: 23.2.2.
Please check out our documentation about how and when to upgrade:
https://fmriprep.readthedocs.io/en/latest/faq.html#upgrading
240508-14:00:28,378 nipype.workflow IMPORTANT:
	 Running fMRIPrep version 23.1.4

         License NOTICE ##################################################
         fMRIPrep 23.1.4
         Copyright 2023 The NiPreps Developers.
         
         This product includes software developed by
         the NiPreps Community (https://nipreps.org/).
         
         Portions of this software were developed at the Department of
         Psychology at Stanford University, Stanford, CA, US.
         
         This software is also distributed as a Docker container image.
         The bootstrapping file for the image ("Dockerfile") is licensed
         under the MIT License.
         
         This software may be distributed through an add-on package called
         "Docker Wrapper" that is under the BSD 3-clause License.
         #################################################################
240508-14:00:28,415 nipype.workflow WARNING:
	 Previous output generated by version 0+unknown found.
240508-14:00:29,263 nipype.workflow IMPORTANT:
	 Building fMRIPrep's workflow:
           * BIDS dataset path: /oak/stanford/groups/fvlin/ACT/data/bids/T1_baseline/ASU.
           * Participant list: ['1516'].
           * Run identifier: 20240508-135957_21f3cf75-25b5-4830-b72b-1a18890db682.
           * Output spaces: MNI152NLin2009cAsym:res-native.
           * Pre-run FreeSurfer's SUBJECTS_DIR: /oak/stanford/groups/fvlin/ACT/data/bids/T1_baseline/ASU/derivatives/fmriprep/sourcedata/freesurfer.
240508-14:00:30,466 nipype.workflow INFO:
	 B0 field inhomogeneity map will be estimated with the following 1 estimator(s): [<EstimatorType.PEPOLAR: 2>].
240508-14:00:31,438 nipype.workflow INFO:
	 No single-band-reference found for sub-1516_ses-01_task-rest_bold.nii.gz.
240508-14:00:31,440 nipype.workflow INFO:
	 Found usable B0-map (fieldmap) estimator(s) <auto_00000> to correct </oak/stanford/groups/fvlin/ACT/data/bids/T1_baseline/ASU/sub-1516/ses-01/func/sub-1516_ses-01_task-rest_bold.nii.gz> for susceptibility-derived distortions.
240508-14:00:31,578 nipype.workflow IMPORTANT:
	 BOLD series will be slice-timing corrected to an offset of 3.98s.
240508-14:00:33,808 nipype.workflow INFO:
	 Setting-up fieldmap "auto_00000" (EstimatorType.PEPOLAR) with <sub-1516_ses-01_dir-AP_epi.nii.gz, sub-1516_ses-01_dir-PA_epi.nii.gz>
240508-14:00:40,362 nipype.workflow INFO:
	 fMRIPrep workflow graph with 463 nodes built successfully.
240508-14:01:06,332 nipype.workflow IMPORTANT:
	 fMRIPrep started!
240508-14:01:07,932 nipype.workflow WARNING:
	 Some nodes exceed the total amount of memory available (123.00GB).
240508-14:01:17,414 nipype.workflow INFO:
	 [Node] Setting-up "fmriprep_23_1_wf.single_subject_1516_wf.anat_preproc_wf.brain_extraction_wf.full_wm" in "/scratch/users/ppwang/Work/fmriprep_23_1_wf/single_subject_1516_wf/anat_preproc_wf/brain_extraction_wf/full_wm".
240508-14:01:17,424 nipype.workflow INFO:
	 [Node] Executing "full_wm" <nipype.interfaces.utility.wrappers.Function>
240508-14:01:17,476 nipype.workflow INFO:
	 [Node] Setting-up "fmriprep_23_1_wf.single_subject_1516_wf.func_preproc_ses_01_task_rest_wf.bold_source" in "/scratch/users/ppwang/Work/fmriprep_23_1_wf/single_subject_1516_wf/func_preproc_ses_01_task_rest_wf/bold_source".
240508-14:01:17,485 nipype.workflow INFO:
	 [Node] Executing "bold_source" <nipype.interfaces.utility.base.Select>
240508-14:01:17,487 nipype.workflow INFO:
	 [Node] Finished "bold_source", elapsed time 0.00025s.
240508-14:01:17,495 nipype.workflow INFO:
	 [Node] Setting-up "fmriprep_23_1_wf.single_subject_1516_wf.func_preproc_ses_01_task_rest_wf.func_derivatives_wf.raw_sources" in "/scratch/users/ppwang/Work/fmriprep_23_1_wf/single_subject_1516_wf/func_preproc_ses_01_task_rest_wf/func_derivatives_wf/raw_sources".
240508-14:01:17,503 nipype.workflow INFO:
	 [Node] Executing "raw_sources" <nipype.interfaces.utility.wrappers.Function>
240508-14:01:17,505 nipype.workflow INFO:
	 [Node] Finished "raw_sources", elapsed time 0.000347s.
240508-14:01:17,526 nipype.workflow INFO:
	 [Node] Setting-up "fmriprep_23_1_wf.single_subject_1516_wf.fmap_preproc_wf.out_merge_fmap_id" in "/scratch/users/ppwang/Work/fmriprep_23_1_wf/single_subject_1516_wf/fmap_preproc_wf/out_merge_fmap_id".
240508-14:01:17,534 nipype.workflow INFO:
	 [Node] Executing "out_merge_fmap_id" <nipype.interfaces.utility.base.Merge>
240508-14:01:17,540 nipype.workflow INFO:
	 [Node] Finished "out_merge_fmap_id", elapsed time 0.000258s.
240508-14:01:17,548 nipype.workflow INFO:
	 [Node] Setting-up "fmriprep_23_1_wf.single_subject_1516_wf.fmap_preproc_wf.out_merge_method" in "/scratch/users/ppwang/Work/fmriprep_23_1_wf/single_subject_1516_wf/fmap_preproc_wf/out_merge_method".
240508-14:01:17,556 nipype.workflow INFO:
	 [Node] Executing "out_merge_method" <nipype.interfaces.utility.base.Merge>
240508-14:01:17,557 nipype.workflow INFO:
	 [Node] Finished "out_merge_method", elapsed time 0.000136s.
240508-14:01:17,588 nipype.workflow INFO:
	 [Node] Setting-up "fmriprep_23_1_wf.single_subject_1516_wf.anat_preproc_wf.brain_extraction_wf.lap_tmpl" in "/scratch/users/ppwang/Work/fmriprep_23_1_wf/single_subject_1516_wf/anat_preproc_wf/brain_extraction_wf/lap_tmpl".
240508-14:01:17,597 nipype.workflow INFO:
	 [Node] Executing "lap_tmpl" <nipype.interfaces.ants.utils.ImageMath>
240508-14:01:17,612 nipype.workflow INFO:
	 [Node] Setting-up "fmriprep_23_1_wf.single_subject_1516_wf.anat_preproc_wf.brain_extraction_wf.res_tmpl" in "/scratch/users/ppwang/Work/fmriprep_23_1_wf/single_subject_1516_wf/anat_preproc_wf/brain_extraction_wf/res_tmpl".
240508-14:01:17,620 nipype.workflow INFO:
	 [Node] Executing "res_tmpl" <niworkflows.interfaces.nibabel.RegridToZooms>
240508-14:01:17,929 nipype.workflow INFO:
	 [Node] Finished "full_wm", elapsed time 0.503192s.
240508-14:01:17,935 nipype.workflow INFO:
	 [Node] Setting-up "fmriprep_23_1_wf.single_subject_1516_wf.func_preproc_ses_01_task_rest_wf.initial_boldref_wf.get_dummy" in "/scratch/users/ppwang/Work/fmriprep_23_1_wf/single_subject_1516_wf/func_preproc_ses_01_task_rest_wf/initial_boldref_wf/get_dummy".
240508-14:01:17,944 nipype.workflow INFO:
	 [Node] Executing "get_dummy" <niworkflows.interfaces.bold.NonsteadyStatesDetector>
240508-14:01:17,959 nipype.workflow INFO:
	 [Node] Setting-up "_val_bold0" in "/scratch/users/ppwang/Work/fmriprep_23_1_wf/single_subject_1516_wf/func_preproc_ses_01_task_rest_wf/initial_boldref_wf/val_bold/mapflow/_val_bold0".
240508-14:01:17,966 nipype.workflow INFO:
	 [Node] Executing "_val_bold0" <niworkflows.interfaces.header.ValidateImage>
240508-14:01:17,994 nipype.workflow INFO:
	 [Node] Setting-up "fmriprep_23_1_wf.single_subject_1516_wf.bidssrc" in "/scratch/users/ppwang/Work/fmriprep_23_1_wf/single_subject_1516_wf/bidssrc".
240508-14:01:18,3 nipype.workflow INFO:
	 [Node] Executing "bidssrc" <niworkflows.interfaces.bids.BIDSDataGrabber>
240508-14:01:18,5 nipype.interface INFO:
	 No "t2w" images found for sub-1516
240508-14:01:18,5 nipype.interface INFO:
	 No "sbref" images found for sub-1516
240508-14:01:18,5 nipype.interface INFO:
	 No "roi" images found for sub-1516
240508-14:01:18,6 nipype.workflow INFO:
	 [Node] Finished "bidssrc", elapsed time 0.000563s.
240508-14:01:18,11 nipype.workflow INFO:
	 [Node] Finished "_val_bold0", elapsed time 0.04254s.
240508-14:01:18,472 nipype.workflow INFO:
	 [Node] Setting-up "_runwise_avg0" in "/scratch/users/ppwang/Work/fmriprep_23_1_wf/single_subject_1516_wf/fmap_preproc_wf/wf_auto_00000/runwise_avg/mapflow/_runwise_avg0".
240508-14:01:18,480 nipype.workflow INFO:
	 [Node] Executing "_runwise_avg0" <niworkflows.interfaces.images.RobustAverage>
240508-14:01:18,534 nipype.workflow INFO:
	 [Node] Finished "_runwise_avg0", elapsed time 0.051634s.
240508-14:01:18,863 nipype.workflow INFO:
	 [Node] Finished "res_tmpl", elapsed time 1.240313s.
240508-14:01:20,236 nipype.workflow INFO:
	 [Node] Setting-up "fmriprep_23_1_wf.single_subject_1516_wf.func_preproc_ses_01_task_rest_wf.select_bold" in "/scratch/users/ppwang/Work/fmriprep_23_1_wf/single_subject_1516_wf/func_preproc_ses_01_task_rest_wf/select_bold".
240508-14:01:20,442 nipype.workflow INFO:
	 [Node] Setting-up "fmriprep_23_1_wf.single_subject_1516_wf.anat_preproc_wf.anat_template_wf.anat_ref_dimensions" in "/scratch/users/ppwang/Work/fmriprep_23_1_wf/single_subject_1516_wf/anat_preproc_wf/anat_template_wf/anat_ref_dimensions".
240508-14:01:20,625 nipype.workflow INFO:
	 [Node] Executing "select_bold" <nipype.interfaces.utility.base.Select>
240508-14:01:20,628 nipype.workflow INFO:
	 [Node] Finished "select_bold", elapsed time 0.000265s.
240508-14:01:20,645 nipype.workflow INFO:
	 [Node] Setting-up "_runwise_avg1" in "/scratch/users/ppwang/Work/fmriprep_23_1_wf/single_subject_1516_wf/fmap_preproc_wf/wf_auto_00000/runwise_avg/mapflow/_runwise_avg1".
240508-14:01:20,653 nipype.workflow INFO:
	 [Node] Executing "_runwise_avg1" <niworkflows.interfaces.images.RobustAverage>
240508-14:01:20,759 nipype.workflow INFO:
	 [Node] Finished "_runwise_avg1", elapsed time 0.104809s.
240508-14:01:21,12 nipype.workflow INFO:
	 [Node] Finished "get_dummy", elapsed time 3.066315s.
240508-14:01:21,535 nipype.workflow INFO:
	 [Node] Executing "anat_ref_dimensions" <niworkflows.interfaces.images.TemplateDimensions>
240508-14:01:21,559 nipype.workflow INFO:
	 [Node] Setting-up "fmriprep_23_1_wf.single_subject_1516_wf.bids_info" in "/scratch/users/ppwang/Work/fmriprep_23_1_wf/single_subject_1516_wf/bids_info".
240508-14:01:21,569 nipype.workflow INFO:
	 [Node] Executing "bids_info" <niworkflows.interfaces.bids.BIDSInfo>
240508-14:01:21,577 nipype.workflow INFO:
	 [Node] Finished "bids_info", elapsed time 0.005433s.
240508-14:01:21,661 nipype.workflow INFO:
	 [Node] Finished "anat_ref_dimensions", elapsed time 0.125083s.
240508-14:01:22,100 nipype.workflow INFO:
	 [Node] Setting-up "_runwise_avg0" in "/scratch/users/ppwang/Work/fmriprep_23_1_wf/single_subject_1516_wf/fmap_preproc_wf/wf_auto_00000/runwise_avg/mapflow/_runwise_avg0".
240508-14:01:22,102 nipype.workflow INFO:
	 [Node] Cached "_runwise_avg0" - collecting precomputed outputs
240508-14:01:22,102 nipype.workflow INFO:
	 [Node] "_runwise_avg0" found cached.
240508-14:01:22,103 nipype.workflow INFO:
	 [Node] Setting-up "_runwise_avg1" in "/scratch/users/ppwang/Work/fmriprep_23_1_wf/single_subject_1516_wf/fmap_preproc_wf/wf_auto_00000/runwise_avg/mapflow/_runwise_avg1".
240508-14:01:22,105 nipype.workflow INFO:
	 [Node] Cached "_runwise_avg1" - collecting precomputed outputs
240508-14:01:22,105 nipype.workflow INFO:
	 [Node] "_runwise_avg1" found cached.
240508-14:01:22,255 nipype.workflow INFO:
	 [Node] Setting-up "fmriprep_23_1_wf.single_subject_1516_wf.func_preproc_ses_01_task_rest_wf.initial_boldref_wf.gen_avg" in "/scratch/users/ppwang/Work/fmriprep_23_1_wf/single_subject_1516_wf/func_preproc_ses_01_task_rest_wf/initial_boldref_wf/gen_avg".
240508-14:01:22,270 nipype.workflow INFO:
	 [Node] Executing "gen_avg" <niworkflows.interfaces.images.RobustAverage>
240508-14:01:22,410 nipype.workflow INFO:
	 [Node] Setting-up "fmriprep_23_1_wf.single_subject_1516_wf.anat_preproc_wf.fs_isrunning" in "/scratch/users/ppwang/Work/fmriprep_23_1_wf/single_subject_1516_wf/anat_preproc_wf/fs_isrunning".
240508-14:01:22,562 nipype.workflow INFO:
	 [Node] Setting-up "fmriprep_23_1_wf.single_subject_1516_wf.anat_preproc_wf.anat_derivatives_wf.raw_sources" in "/scratch/users/ppwang/Work/fmriprep_23_1_wf/single_subject_1516_wf/anat_preproc_wf/anat_derivatives_wf/raw_sources".
240508-14:01:22,578 nipype.workflow INFO:
	 [Node] Executing "raw_sources" <nipype.interfaces.utility.wrappers.Function>
240508-14:01:22,579 nipype.workflow INFO:
	 [Node] Finished "raw_sources", elapsed time 0.00038s.
240508-14:01:23,409 nipype.workflow INFO:
	 [Node] Finished "lap_tmpl", elapsed time 5.808309s.
240508-14:01:23,529 nipype.workflow INFO:
	 [Node] Executing "fs_isrunning" <nipype.interfaces.utility.wrappers.Function>
240508-14:01:23,530 nipype.workflow INFO:
	 [Node] Finished "fs_isrunning", elapsed time 0.000475s.
240508-14:01:24,83 nipype.workflow INFO:
	 [Node] Setting-up "fmriprep_23_1_wf.single_subject_1516_wf.anat_preproc_wf.brain_extraction_wf.mrg_tmpl" in "/scratch/users/ppwang/Work/fmriprep_23_1_wf/single_subject_1516_wf/anat_preproc_wf/brain_extraction_wf/mrg_tmpl".
240508-14:01:24,125 nipype.workflow INFO:
	 [Node] Setting-up "fmriprep_23_1_wf.single_subject_1516_wf.fmap_preproc_wf.wf_auto_00000.regrid" in "/scratch/users/ppwang/Work/fmriprep_23_1_wf/single_subject_1516_wf/fmap_preproc_wf/wf_auto_00000/regrid".
240508-14:01:24,130 nipype.workflow INFO:
	 [Node] Executing "mrg_tmpl" <nipype.interfaces.utility.base.Merge>
240508-14:01:24,130 nipype.workflow INFO:
	 [Node] Finished "mrg_tmpl", elapsed time 0.000146s.
240508-14:01:24,132 nipype.workflow INFO:
	 [Node] Setting-up "_denoise0" in "/scratch/users/ppwang/Work/fmriprep_23_1_wf/single_subject_1516_wf/anat_preproc_wf/anat_template_wf/denoise/mapflow/_denoise0".
240508-14:01:24,134 nipype.workflow INFO:
	 [Node] Executing "regrid" <sdcflows.interfaces.utils.UniformGrid>
240508-14:01:24,141 nipype.workflow INFO:
	 [Node] Executing "_denoise0" <nipype.interfaces.ants.segmentation.DenoiseImage>
240508-14:01:24,437 nipype.workflow INFO:
	 [Node] Finished "regrid", elapsed time 0.302247s.
240508-14:01:24,758 nipype.interface INFO:
	 stderr 2024-05-08T14:01:24.758563:++ 3dvolreg: AFNI version=AFNI_23.2.02 (Jul 28 2023) [64-bit]
240508-14:01:24,758 nipype.interface INFO:
	 stderr 2024-05-08T14:01:24.758563:++ Authored by: RW Cox
240508-14:01:24,759 nipype.interface INFO:
	 stderr 2024-05-08T14:01:24.759474:** AFNI converts NIFTI_datatype=4 (INT16) in file /scratch/users/ppwang/Work/fmriprep_23_1_wf/single_subject_1516_wf/func_preproc_ses_01_task_rest_wf/initial_boldref_wf/gen_avg/sub-1516_ses-01_task-rest_bold_sliced.nii.gz to FLOAT32
240508-14:01:24,759 nipype.interface INFO:
	 stderr 2024-05-08T14:01:24.759474:     Warnings of this type will be muted for this session.
240508-14:01:24,759 nipype.interface INFO:
	 stderr 2024-05-08T14:01:24.759474:     Set AFNI_NIFTI_TYPE_WARN to YES to see them all, NO to see none.
240508-14:01:24,761 nipype.interface INFO:
	 stderr 2024-05-08T14:01:24.761075:[7m*+ WARNING:[0m   If you are performing spatial transformations on an oblique dset,
240508-14:01:24,761 nipype.interface INFO:
	 stderr 2024-05-08T14:01:24.761075:  such as /scratch/users/ppwang/Work/fmriprep_23_1_wf/single_subject_1516_wf/func_preproc_ses_01_task_rest_wf/initial_boldref_wf/gen_avg/sub-1516_ses-01_task-rest_bold_sliced.nii.gz,
240508-14:01:24,761 nipype.interface INFO:
	 stderr 2024-05-08T14:01:24.761075:  or viewing/combining it with volumes of differing obliquity,
240508-14:01:24,761 nipype.interface INFO:
	 stderr 2024-05-08T14:01:24.761075:  you should consider running: 
240508-14:01:24,761 nipype.interface INFO:
	 stderr 2024-05-08T14:01:24.761075:     3dWarp -deoblique 
240508-14:01:24,761 nipype.interface INFO:
	 stderr 2024-05-08T14:01:24.761075:  on this and  other oblique datasets in the same session.
240508-14:01:24,761 nipype.interface INFO:
	 stderr 2024-05-08T14:01:24.761075: See 3dWarp -help for details.
240508-14:01:24,761 nipype.interface INFO:
	 stderr 2024-05-08T14:01:24.761290:++ Oblique dataset:/scratch/users/ppwang/Work/fmriprep_23_1_wf/single_subject_1516_wf/func_preproc_ses_01_task_rest_wf/initial_boldref_wf/gen_avg/sub-1516_ses-01_task-rest_bold_sliced.nii.gz is 22.213137 degrees from plumb.
240508-14:01:24,761 nipype.interface INFO:
	 stderr 2024-05-08T14:01:24.761290:++ Coarse del was 10, replaced with 8
240508-14:01:25,930 nipype.workflow INFO:
	 [Node] Setting-up "fmriprep_23_1_wf.single_subject_1516_wf.func_preproc_ses_01_task_rest_wf.bold_stc_wf.slice_timing_correction" in "/scratch/users/ppwang/Work/fmriprep_23_1_wf/single_subject_1516_wf/func_preproc_ses_01_task_rest_wf/bold_stc_wf/slice_timing_correction".
240508-14:01:25,948 nipype.workflow INFO:
	 [Node] Executing "slice_timing_correction" <fmriprep.workflows.bold.stc.TShift>
240508-14:01:26,100 nipype.workflow INFO:
	 [Node] Finished "slice_timing_correction", elapsed time 0.150766s.
240508-14:01:26,100 nipype.workflow WARNING:
	 Storing result file without outputs
240508-14:01:26,103 nipype.workflow WARNING:
	 [Node] Error on "fmriprep_23_1_wf.single_subject_1516_wf.func_preproc_ses_01_task_rest_wf.bold_stc_wf.slice_timing_correction" (/scratch/users/ppwang/Work/fmriprep_23_1_wf/single_subject_1516_wf/func_preproc_ses_01_task_rest_wf/bold_stc_wf/slice_timing_correction)
240508-14:01:27,953 nipype.workflow ERROR:
	 Node slice_timing_correction failed to run on host sh03-01n48.int.
240508-14:01:27,958 nipype.workflow ERROR:
	 Saving crash info to /oak/stanford/groups/fvlin/ACT/data/bids/T1_baseline/ASU/derivatives/fmriprep/sub-1516/log/20240508-135957_21f3cf75-25b5-4830-b72b-1a18890db682/crash-20240508-140127-ppwang-slice_timing_correction-5df12b8b-3307-4dfc-96cc-9ba870a23977.txt
Traceback (most recent call last):
  File "/opt/conda/envs/fmriprep/lib/python3.10/site-packages/nipype/pipeline/plugins/multiproc.py", line 67, in run_node
    result["result"] = node.run(updatehash=updatehash)
  File "/opt/conda/envs/fmriprep/lib/python3.10/site-packages/nipype/pipeline/engine/nodes.py", line 527, in run
    result = self._run_interface(execute=True)
  File "/opt/conda/envs/fmriprep/lib/python3.10/site-packages/nipype/pipeline/engine/nodes.py", line 645, in _run_interface
    return self._run_command(execute)
  File "/opt/conda/envs/fmriprep/lib/python3.10/site-packages/nipype/pipeline/engine/nodes.py", line 771, in _run_command
    raise NodeExecutionError(msg)
nipype.pipeline.engine.nodes.NodeExecutionError: Exception raised while executing Node slice_timing_correction.

Cmdline:
	3dTshift -ignore 2 -prefix sub-1516_ses-01_task-rest_bold_tshift.nii.gz -tpattern @slice_timing.1D -TR 1.03s -tzero 3.981 /scratch/users/ppwang/Work/fmriprep_23_1_wf/single_subject_1516_wf/func_preproc_ses_01_task_rest_wf/bold_stc_wf/slice_timing_correction/sub-1516_ses-01_task-rest_bold.nii.gz
Stdout:

Stderr:
	++ 3dTshift: AFNI version=AFNI_23.2.02 (Jul 28 2023) [64-bit]
	[7m*+ WARNING:[0m   If you are performing spatial transformations on an oblique dset,
	  such as /scratch/users/ppwang/Work/fmriprep_23_1_wf/single_subject_1516_wf/func_preproc_ses_01_task_rest_wf/bold_stc_wf/slice_timing_correction/sub-1516_ses-01_task-rest_bold.nii.gz,
	  or viewing/combining it with volumes of differing obliquity,
	  you should consider running: 
	     3dWarp -deoblique 
	  on this and  other oblique datasets in the same session.
	 See 3dWarp -help for details.
	++ Oblique dataset:/scratch/users/ppwang/Work/fmriprep_23_1_wf/single_subject_1516_wf/func_preproc_ses_01_task_rest_wf/bold_stc_wf/slice_timing_correction/sub-1516_ses-01_task-rest_bold.nii.gz is 22.213137 degrees from plumb.
	[7m** FATAL ERROR:[0m Illegal value 4.03 in tpattern file slice_timing.1D
	** Program compile date = Jul 28 2023
Traceback:
	Traceback (most recent call last):
	  File "/opt/conda/envs/fmriprep/lib/python3.10/site-packages/nipype/interfaces/base/core.py", line 453, in aggregate_outputs
	    setattr(outputs, key, val)
	  File "/opt/conda/envs/fmriprep/lib/python3.10/site-packages/nipype/interfaces/base/traits_extension.py", line 330, in validate
	    value = super(File, self).validate(objekt, name, value, return_pathlike=True)
	  File "/opt/conda/envs/fmriprep/lib/python3.10/site-packages/nipype/interfaces/base/traits_extension.py", line 135, in validate
	    self.error(objekt, name, str(value))
	  File "/opt/conda/envs/fmriprep/lib/python3.10/site-packages/traits/base_trait_handler.py", line 74, in error
	    raise TraitError(
	traits.trait_errors.TraitError: The 'out_file' trait of a TShiftOutputSpec instance must be a pathlike object or string representing an existing file, but a value of '/scratch/users/ppwang/Work/fmriprep_23_1_wf/single_subject_1516_wf/func_preproc_ses_01_task_rest_wf/bold_stc_wf/slice_timing_correction/sub-1516_ses-01_task-rest_bold_tshift.nii.gz' <class 'str'> was specified.

	During handling of the above exception, another exception occurred:

	Traceback (most recent call last):
	  File "/opt/conda/envs/fmriprep/lib/python3.10/site-packages/nipype/interfaces/base/core.py", line 400, in run
	    outputs = self.aggregate_outputs(runtime)
	  File "/opt/conda/envs/fmriprep/lib/python3.10/site-packages/nipype/interfaces/base/core.py", line 460, in aggregate_outputs
	    raise FileNotFoundError(msg)
	FileNotFoundError: No such file or directory '/scratch/users/ppwang/Work/fmriprep_23_1_wf/single_subject_1516_wf/func_preproc_ses_01_task_rest_wf/bold_stc_wf/slice_timing_correction/sub-1516_ses-01_task-rest_bold_tshift.nii.gz' for output 'out_file' of a TShift interface


240508-14:01:27,975 nipype.workflow CRITICAL:
	 fMRIPrep failed: Traceback (most recent call last):
  File "/opt/conda/envs/fmriprep/lib/python3.10/site-packages/nipype/pipeline/plugins/multiproc.py", line 67, in run_node
    result["result"] = node.run(updatehash=updatehash)
  File "/opt/conda/envs/fmriprep/lib/python3.10/site-packages/nipype/pipeline/engine/nodes.py", line 527, in run
    result = self._run_interface(execute=True)
  File "/opt/conda/envs/fmriprep/lib/python3.10/site-packages/nipype/pipeline/engine/nodes.py", line 645, in _run_interface
    return self._run_command(execute)
  File "/opt/conda/envs/fmriprep/lib/python3.10/site-packages/nipype/pipeline/engine/nodes.py", line 771, in _run_command
    raise NodeExecutionError(msg)
nipype.pipeline.engine.nodes.NodeExecutionError: Exception raised while executing Node slice_timing_correction.

Cmdline:
	3dTshift -ignore 2 -prefix sub-1516_ses-01_task-rest_bold_tshift.nii.gz -tpattern @slice_timing.1D -TR 1.03s -tzero 3.981 /scratch/users/ppwang/Work/fmriprep_23_1_wf/single_subject_1516_wf/func_preproc_ses_01_task_rest_wf/bold_stc_wf/slice_timing_correction/sub-1516_ses-01_task-rest_bold.nii.gz
Stdout:

Stderr:
	++ 3dTshift: AFNI version=AFNI_23.2.02 (Jul 28 2023) [64-bit]
	[7m*+ WARNING:[0m   If you are performing spatial transformations on an oblique dset,
	  such as /scratch/users/ppwang/Work/fmriprep_23_1_wf/single_subject_1516_wf/func_preproc_ses_01_task_rest_wf/bold_stc_wf/slice_timing_correction/sub-1516_ses-01_task-rest_bold.nii.gz,
	  or viewing/combining it with volumes of differing obliquity,
	  you should consider running: 
	     3dWarp -deoblique 
	  on this and  other oblique datasets in the same session.
	 See 3dWarp -help for details.
	++ Oblique dataset:/scratch/users/ppwang/Work/fmriprep_23_1_wf/single_subject_1516_wf/func_preproc_ses_01_task_rest_wf/bold_stc_wf/slice_timing_correction/sub-1516_ses-01_task-rest_bold.nii.gz is 22.213137 degrees from plumb.
	[7m** FATAL ERROR:[0m Illegal value 4.03 in tpattern file slice_timing.1D
	** Program compile date = Jul 28 2023
Traceback:
	Traceback (most recent call last):
	  File "/opt/conda/envs/fmriprep/lib/python3.10/site-packages/nipype/interfaces/base/core.py", line 453, in aggregate_outputs
	    setattr(outputs, key, val)
	  File "/opt/conda/envs/fmriprep/lib/python3.10/site-packages/nipype/interfaces/base/traits_extension.py", line 330, in validate
	    value = super(File, self).validate(objekt, name, value, return_pathlike=True)
	  File "/opt/conda/envs/fmriprep/lib/python3.10/site-packages/nipype/interfaces/base/traits_extension.py", line 135, in validate
	    self.error(objekt, name, str(value))
	  File "/opt/conda/envs/fmriprep/lib/python3.10/site-packages/traits/base_trait_handler.py", line 74, in error
	    raise TraitError(
	traits.trait_errors.TraitError: The 'out_file' trait of a TShiftOutputSpec instance must be a pathlike object or string representing an existing file, but a value of '/scratch/users/ppwang/Work/fmriprep_23_1_wf/single_subject_1516_wf/func_preproc_ses_01_task_rest_wf/bold_stc_wf/slice_timing_correction/sub-1516_ses-01_task-rest_bold_tshift.nii.gz' <class 'str'> was specified.

	During handling of the above exception, another exception occurred:

	Traceback (most recent call last):
	  File "/opt/conda/envs/fmriprep/lib/python3.10/site-packages/nipype/interfaces/base/core.py", line 400, in run
	    outputs = self.aggregate_outputs(runtime)
	  File "/opt/conda/envs/fmriprep/lib/python3.10/site-packages/nipype/interfaces/base/core.py", line 460, in aggregate_outputs
	    raise FileNotFoundError(msg)
	FileNotFoundError: No such file or directory '/scratch/users/ppwang/Work/fmriprep_23_1_wf/single_subject_1516_wf/func_preproc_ses_01_task_rest_wf/bold_stc_wf/slice_timing_correction/sub-1516_ses-01_task-rest_bold_tshift.nii.gz' for output 'out_file' of a TShift interface


240508-14:01:28,485 cli ERROR:
	 Preprocessing did not finish successfully. Errors occurred while processing data from participants: 1516 (1). Check the HTML reports for details.
240508-14:01:30,523 nipype.interface INFO:
	 stderr 2024-05-08T14:01:30.523945:++ Max displacement in automask = 0.21 (mm) at sub-brick 1
240508-14:01:30,524 nipype.interface INFO:
	 stderr 2024-05-08T14:01:30.524137:++ Max delta displ  in automask = 0.21 (mm) at sub-brick 1
240508-14:01:31,82 nipype.workflow INFO:
	 [Node] Finished "gen_avg", elapsed time 8.810802s.
240508-14:02:05,569 nipype.workflow INFO:
	 [Node] Finished "_denoise0", elapsed time 41.425923s.
