WARNING: Skipping mount /var/tmp [tmp]: /var/tmp doesn't exist in container
You are using fMRIPrep-23.1.4, and a newer version of fMRIPrep is available: 23.2.2.
Please check out our documentation about how and when to upgrade:
https://fmriprep.readthedocs.io/en/latest/faq.html#upgrading
240508-14:03:41,466 nipype.workflow IMPORTANT:
	 Running fMRIPrep version 23.1.4

         License NOTICE ##################################################
         fMRIPrep 23.1.4
         Copyright 2023 The NiPreps Developers.
         
         This product includes software developed by
         the NiPreps Community (https://nipreps.org/).
         
         Portions of this software were developed at the Department of
         Psychology at Stanford University, Stanford, CA, US.
         
         This software is also distributed as a Docker container image.
         The bootstrapping file for the image ("Dockerfile") is licensed
         under the MIT License.
         
         This software may be distributed through an add-on package called
         "Docker Wrapper" that is under the BSD 3-clause License.
         #################################################################
240508-14:03:41,508 nipype.workflow WARNING:
	 Previous output generated by version 0+unknown found.
240508-14:03:42,342 nipype.workflow IMPORTANT:
	 Building fMRIPrep's workflow:
           * BIDS dataset path: /oak/stanford/groups/fvlin/ACT/data/bids/T1_baseline/ASU.
           * Participant list: ['1233'].
           * Run identifier: 20240508-140310_600e777a-9dd6-46c0-a88f-424d24243ead.
           * Output spaces: MNI152NLin2009cAsym:res-native.
           * Pre-run FreeSurfer's SUBJECTS_DIR: /oak/stanford/groups/fvlin/ACT/data/bids/T1_baseline/ASU/derivatives/fmriprep/sourcedata/freesurfer.
240508-14:03:43,507 nipype.workflow INFO:
	 B0 field inhomogeneity map will be estimated with the following 1 estimator(s): [<EstimatorType.PEPOLAR: 2>].
240508-14:03:43,765 nipype.workflow INFO:
	 No single-band-reference found for sub-1233_ses-01_task-rest_bold.nii.gz.
240508-14:03:43,767 nipype.workflow INFO:
	 Found usable B0-map (fieldmap) estimator(s) <auto_00000> to correct </oak/stanford/groups/fvlin/ACT/data/bids/T1_baseline/ASU/sub-1233/ses-01/func/sub-1233_ses-01_task-rest_bold.nii.gz> for susceptibility-derived distortions.
240508-14:03:43,913 nipype.workflow IMPORTANT:
	 BOLD series will be slice-timing corrected to an offset of 3.98s.
240508-14:03:46,30 nipype.workflow INFO:
	 Setting-up fieldmap "auto_00000" (EstimatorType.PEPOLAR) with <sub-1233_ses-01_dir-AP_epi.nii.gz, sub-1233_ses-01_dir-PA_epi.nii.gz>
240508-14:03:52,401 nipype.workflow INFO:
	 fMRIPrep workflow graph with 463 nodes built successfully.
240508-14:04:17,855 nipype.workflow IMPORTANT:
	 fMRIPrep started!
240508-14:04:19,454 nipype.workflow WARNING:
	 Some nodes exceed the total amount of memory available (123.00GB).
240508-14:04:28,220 nipype.workflow INFO:
	 [Node] Setting-up "fmriprep_23_1_wf.single_subject_1233_wf.anat_preproc_wf.brain_extraction_wf.full_wm" in "/scratch/users/ppwang/Work/fmriprep_23_1_wf/single_subject_1233_wf/anat_preproc_wf/brain_extraction_wf/full_wm".
240508-14:04:28,230 nipype.workflow INFO:
	 [Node] Executing "full_wm" <nipype.interfaces.utility.wrappers.Function>
240508-14:04:28,258 nipype.workflow INFO:
	 [Node] Setting-up "fmriprep_23_1_wf.single_subject_1233_wf.func_preproc_ses_01_task_rest_wf.bold_source" in "/scratch/users/ppwang/Work/fmriprep_23_1_wf/single_subject_1233_wf/func_preproc_ses_01_task_rest_wf/bold_source".
240508-14:04:28,268 nipype.workflow INFO:
	 [Node] Executing "bold_source" <nipype.interfaces.utility.base.Select>
240508-14:04:28,274 nipype.workflow INFO:
	 [Node] Finished "bold_source", elapsed time 0.000375s.
240508-14:04:28,284 nipype.workflow INFO:
	 [Node] Setting-up "fmriprep_23_1_wf.single_subject_1233_wf.func_preproc_ses_01_task_rest_wf.func_derivatives_wf.raw_sources" in "/scratch/users/ppwang/Work/fmriprep_23_1_wf/single_subject_1233_wf/func_preproc_ses_01_task_rest_wf/func_derivatives_wf/raw_sources".
240508-14:04:28,293 nipype.workflow INFO:
	 [Node] Executing "raw_sources" <nipype.interfaces.utility.wrappers.Function>
240508-14:04:28,294 nipype.workflow INFO:
	 [Node] Finished "raw_sources", elapsed time 0.000358s.
240508-14:04:28,388 nipype.workflow INFO:
	 [Node] Setting-up "fmriprep_23_1_wf.single_subject_1233_wf.fmap_preproc_wf.out_merge_fmap_id" in "/scratch/users/ppwang/Work/fmriprep_23_1_wf/single_subject_1233_wf/fmap_preproc_wf/out_merge_fmap_id".
240508-14:04:28,392 nipype.workflow INFO:
	 [Node] Setting-up "fmriprep_23_1_wf.single_subject_1233_wf.anat_preproc_wf.brain_extraction_wf.lap_tmpl" in "/scratch/users/ppwang/Work/fmriprep_23_1_wf/single_subject_1233_wf/anat_preproc_wf/brain_extraction_wf/lap_tmpl".
240508-14:04:28,397 nipype.workflow INFO:
	 [Node] Executing "out_merge_fmap_id" <nipype.interfaces.utility.base.Merge>
240508-14:04:28,399 nipype.workflow INFO:
	 [Node] Finished "out_merge_fmap_id", elapsed time 0.000257s.
240508-14:04:28,401 nipype.workflow INFO:
	 [Node] Executing "lap_tmpl" <nipype.interfaces.ants.utils.ImageMath>
240508-14:04:28,408 nipype.workflow INFO:
	 [Node] Setting-up "fmriprep_23_1_wf.single_subject_1233_wf.fmap_preproc_wf.out_merge_method" in "/scratch/users/ppwang/Work/fmriprep_23_1_wf/single_subject_1233_wf/fmap_preproc_wf/out_merge_method".
240508-14:04:28,419 nipype.workflow INFO:
	 [Node] Executing "out_merge_method" <nipype.interfaces.utility.base.Merge>
240508-14:04:28,420 nipype.workflow INFO:
	 [Node] Finished "out_merge_method", elapsed time 0.000146s.
240508-14:04:28,588 nipype.workflow INFO:
	 [Node] Setting-up "fmriprep_23_1_wf.single_subject_1233_wf.anat_preproc_wf.brain_extraction_wf.res_tmpl" in "/scratch/users/ppwang/Work/fmriprep_23_1_wf/single_subject_1233_wf/anat_preproc_wf/brain_extraction_wf/res_tmpl".
240508-14:04:28,597 nipype.workflow INFO:
	 [Node] Executing "res_tmpl" <niworkflows.interfaces.nibabel.RegridToZooms>
240508-14:04:28,709 nipype.workflow INFO:
	 [Node] Setting-up "_val_bold0" in "/scratch/users/ppwang/Work/fmriprep_23_1_wf/single_subject_1233_wf/func_preproc_ses_01_task_rest_wf/initial_boldref_wf/val_bold/mapflow/_val_bold0".
240508-14:04:28,716 nipype.workflow INFO:
	 [Node] Setting-up "fmriprep_23_1_wf.single_subject_1233_wf.func_preproc_ses_01_task_rest_wf.initial_boldref_wf.get_dummy" in "/scratch/users/ppwang/Work/fmriprep_23_1_wf/single_subject_1233_wf/func_preproc_ses_01_task_rest_wf/initial_boldref_wf/get_dummy".
240508-14:04:28,719 nipype.workflow INFO:
	 [Node] Executing "_val_bold0" <niworkflows.interfaces.header.ValidateImage>
240508-14:04:28,726 nipype.workflow INFO:
	 [Node] Executing "get_dummy" <niworkflows.interfaces.bold.NonsteadyStatesDetector>
240508-14:04:28,732 nipype.workflow INFO:
	 [Node] Finished "full_wm", elapsed time 0.499356s.
240508-14:04:28,758 nipype.workflow INFO:
	 [Node] Finished "_val_bold0", elapsed time 0.038395s.
240508-14:04:29,597 nipype.workflow INFO:
	 [Node] Setting-up "fmriprep_23_1_wf.single_subject_1233_wf.func_preproc_ses_01_task_rest_wf.select_bold" in "/scratch/users/ppwang/Work/fmriprep_23_1_wf/single_subject_1233_wf/func_preproc_ses_01_task_rest_wf/select_bold".
240508-14:04:29,667 nipype.workflow INFO:
	 [Node] Setting-up "fmriprep_23_1_wf.single_subject_1233_wf.bidssrc" in "/scratch/users/ppwang/Work/fmriprep_23_1_wf/single_subject_1233_wf/bidssrc".
240508-14:04:29,675 nipype.workflow INFO:
	 [Node] Executing "bidssrc" <niworkflows.interfaces.bids.BIDSDataGrabber>
240508-14:04:29,677 nipype.interface INFO:
	 No "t2w" images found for sub-1233
240508-14:04:29,678 nipype.interface INFO:
	 No "sbref" images found for sub-1233
240508-14:04:29,678 nipype.interface INFO:
	 No "roi" images found for sub-1233
240508-14:04:29,678 nipype.workflow INFO:
	 [Node] Finished "bidssrc", elapsed time 0.000655s.
240508-14:04:29,836 nipype.workflow INFO:
	 [Node] Finished "res_tmpl", elapsed time 1.236195s.
240508-14:04:29,987 nipype.workflow INFO:
	 [Node] Executing "select_bold" <nipype.interfaces.utility.base.Select>
240508-14:04:29,988 nipype.workflow INFO:
	 [Node] Finished "select_bold", elapsed time 0.000205s.
240508-14:04:30,129 nipype.workflow INFO:
	 [Node] Setting-up "_runwise_avg0" in "/scratch/users/ppwang/Work/fmriprep_23_1_wf/single_subject_1233_wf/fmap_preproc_wf/wf_auto_00000/runwise_avg/mapflow/_runwise_avg0".
240508-14:04:30,138 nipype.workflow INFO:
	 [Node] Executing "_runwise_avg0" <niworkflows.interfaces.images.RobustAverage>
240508-14:04:30,406 nipype.workflow INFO:
	 [Node] Finished "_runwise_avg0", elapsed time 0.265966s.
240508-14:04:31,580 nipype.workflow INFO:
	 [Node] Finished "get_dummy", elapsed time 2.852379s.
240508-14:04:31,853 nipype.workflow INFO:
	 [Node] Setting-up "fmriprep_23_1_wf.single_subject_1233_wf.anat_preproc_wf.anat_template_wf.anat_ref_dimensions" in "/scratch/users/ppwang/Work/fmriprep_23_1_wf/single_subject_1233_wf/anat_preproc_wf/anat_template_wf/anat_ref_dimensions".
240508-14:04:32,118 nipype.workflow INFO:
	 [Node] Setting-up "_runwise_avg1" in "/scratch/users/ppwang/Work/fmriprep_23_1_wf/single_subject_1233_wf/fmap_preproc_wf/wf_auto_00000/runwise_avg/mapflow/_runwise_avg1".
240508-14:04:32,127 nipype.workflow INFO:
	 [Node] Executing "_runwise_avg1" <niworkflows.interfaces.images.RobustAverage>
240508-14:04:32,204 nipype.workflow INFO:
	 [Node] Finished "_runwise_avg1", elapsed time 0.075202s.
240508-14:04:32,969 nipype.workflow INFO:
	 [Node] Executing "anat_ref_dimensions" <niworkflows.interfaces.images.TemplateDimensions>
240508-14:04:33,70 nipype.workflow INFO:
	 [Node] Setting-up "fmriprep_23_1_wf.single_subject_1233_wf.bids_info" in "/scratch/users/ppwang/Work/fmriprep_23_1_wf/single_subject_1233_wf/bids_info".
240508-14:04:33,81 nipype.workflow INFO:
	 [Node] Executing "bids_info" <niworkflows.interfaces.bids.BIDSInfo>
240508-14:04:33,88 nipype.workflow INFO:
	 [Node] Finished "bids_info", elapsed time 0.00541s.
240508-14:04:33,96 nipype.workflow INFO:
	 [Node] Finished "anat_ref_dimensions", elapsed time 0.125904s.
240508-14:04:33,615 nipype.workflow INFO:
	 [Node] Setting-up "_runwise_avg0" in "/scratch/users/ppwang/Work/fmriprep_23_1_wf/single_subject_1233_wf/fmap_preproc_wf/wf_auto_00000/runwise_avg/mapflow/_runwise_avg0".
240508-14:04:33,619 nipype.workflow INFO:
	 [Node] Cached "_runwise_avg0" - collecting precomputed outputs
240508-14:04:33,619 nipype.workflow INFO:
	 [Node] "_runwise_avg0" found cached.
240508-14:04:33,620 nipype.workflow INFO:
	 [Node] Setting-up "_runwise_avg1" in "/scratch/users/ppwang/Work/fmriprep_23_1_wf/single_subject_1233_wf/fmap_preproc_wf/wf_auto_00000/runwise_avg/mapflow/_runwise_avg1".
240508-14:04:33,621 nipype.workflow INFO:
	 [Node] Cached "_runwise_avg1" - collecting precomputed outputs
240508-14:04:33,621 nipype.workflow INFO:
	 [Node] "_runwise_avg1" found cached.
240508-14:04:33,753 nipype.workflow INFO:
	 [Node] Setting-up "fmriprep_23_1_wf.single_subject_1233_wf.func_preproc_ses_01_task_rest_wf.initial_boldref_wf.gen_avg" in "/scratch/users/ppwang/Work/fmriprep_23_1_wf/single_subject_1233_wf/func_preproc_ses_01_task_rest_wf/initial_boldref_wf/gen_avg".
240508-14:04:33,779 nipype.workflow INFO:
	 [Node] Executing "gen_avg" <niworkflows.interfaces.images.RobustAverage>
240508-14:04:33,897 nipype.workflow INFO:
	 [Node] Setting-up "fmriprep_23_1_wf.single_subject_1233_wf.anat_preproc_wf.fs_isrunning" in "/scratch/users/ppwang/Work/fmriprep_23_1_wf/single_subject_1233_wf/anat_preproc_wf/fs_isrunning".
240508-14:04:34,41 nipype.workflow INFO:
	 [Node] Setting-up "fmriprep_23_1_wf.single_subject_1233_wf.anat_preproc_wf.anat_derivatives_wf.raw_sources" in "/scratch/users/ppwang/Work/fmriprep_23_1_wf/single_subject_1233_wf/anat_preproc_wf/anat_derivatives_wf/raw_sources".
240508-14:04:34,57 nipype.workflow INFO:
	 [Node] Executing "raw_sources" <nipype.interfaces.utility.wrappers.Function>
240508-14:04:34,58 nipype.workflow INFO:
	 [Node] Finished "raw_sources", elapsed time 0.000301s.
240508-14:04:34,387 nipype.workflow INFO:
	 [Node] Finished "lap_tmpl", elapsed time 5.97996s.
240508-14:04:35,117 nipype.workflow INFO:
	 [Node] Executing "fs_isrunning" <nipype.interfaces.utility.wrappers.Function>
240508-14:04:35,118 nipype.workflow INFO:
	 [Node] Finished "fs_isrunning", elapsed time 0.000442s.
240508-14:04:35,600 nipype.workflow INFO:
	 [Node] Setting-up "fmriprep_23_1_wf.single_subject_1233_wf.anat_preproc_wf.brain_extraction_wf.mrg_tmpl" in "/scratch/users/ppwang/Work/fmriprep_23_1_wf/single_subject_1233_wf/anat_preproc_wf/brain_extraction_wf/mrg_tmpl".
240508-14:04:35,644 nipype.workflow INFO:
	 [Node] Setting-up "fmriprep_23_1_wf.single_subject_1233_wf.fmap_preproc_wf.wf_auto_00000.regrid" in "/scratch/users/ppwang/Work/fmriprep_23_1_wf/single_subject_1233_wf/fmap_preproc_wf/wf_auto_00000/regrid".
240508-14:04:35,648 nipype.workflow INFO:
	 [Node] Executing "mrg_tmpl" <nipype.interfaces.utility.base.Merge>
240508-14:04:35,649 nipype.workflow INFO:
	 [Node] Finished "mrg_tmpl", elapsed time 0.000154s.
240508-14:04:35,651 nipype.workflow INFO:
	 [Node] Setting-up "_denoise0" in "/scratch/users/ppwang/Work/fmriprep_23_1_wf/single_subject_1233_wf/anat_preproc_wf/anat_template_wf/denoise/mapflow/_denoise0".
240508-14:04:35,660 nipype.workflow INFO:
	 [Node] Executing "_denoise0" <nipype.interfaces.ants.segmentation.DenoiseImage>
240508-14:04:35,660 nipype.workflow INFO:
	 [Node] Executing "regrid" <sdcflows.interfaces.utils.UniformGrid>
240508-14:04:35,948 nipype.workflow INFO:
	 [Node] Finished "regrid", elapsed time 0.286912s.
240508-14:04:36,77 nipype.interface INFO:
	 stderr 2024-05-08T14:04:36.077235:++ 3dvolreg: AFNI version=AFNI_23.2.02 (Jul 28 2023) [64-bit]
240508-14:04:36,77 nipype.interface INFO:
	 stderr 2024-05-08T14:04:36.077235:++ Authored by: RW Cox
240508-14:04:36,78 nipype.interface INFO:
	 stderr 2024-05-08T14:04:36.078425:** AFNI converts NIFTI_datatype=4 (INT16) in file /scratch/users/ppwang/Work/fmriprep_23_1_wf/single_subject_1233_wf/func_preproc_ses_01_task_rest_wf/initial_boldref_wf/gen_avg/sub-1233_ses-01_task-rest_bold_sliced.nii.gz to FLOAT32
240508-14:04:36,78 nipype.interface INFO:
	 stderr 2024-05-08T14:04:36.078425:     Warnings of this type will be muted for this session.
240508-14:04:36,78 nipype.interface INFO:
	 stderr 2024-05-08T14:04:36.078425:     Set AFNI_NIFTI_TYPE_WARN to YES to see them all, NO to see none.
240508-14:04:36,79 nipype.interface INFO:
	 stderr 2024-05-08T14:04:36.079775:++ Coarse del was 10, replaced with 8
240508-14:04:37,413 nipype.workflow INFO:
	 [Node] Setting-up "fmriprep_23_1_wf.single_subject_1233_wf.func_preproc_ses_01_task_rest_wf.bold_stc_wf.slice_timing_correction" in "/scratch/users/ppwang/Work/fmriprep_23_1_wf/single_subject_1233_wf/func_preproc_ses_01_task_rest_wf/bold_stc_wf/slice_timing_correction".
240508-14:04:37,426 nipype.workflow INFO:
	 [Node] Executing "slice_timing_correction" <fmriprep.workflows.bold.stc.TShift>
240508-14:04:37,567 nipype.workflow INFO:
	 [Node] Finished "slice_timing_correction", elapsed time 0.13891s.
240508-14:04:37,567 nipype.workflow WARNING:
	 Storing result file without outputs
240508-14:04:37,570 nipype.workflow WARNING:
	 [Node] Error on "fmriprep_23_1_wf.single_subject_1233_wf.func_preproc_ses_01_task_rest_wf.bold_stc_wf.slice_timing_correction" (/scratch/users/ppwang/Work/fmriprep_23_1_wf/single_subject_1233_wf/func_preproc_ses_01_task_rest_wf/bold_stc_wf/slice_timing_correction)
240508-14:04:39,475 nipype.workflow ERROR:
	 Node slice_timing_correction failed to run on host sh03-01n66.int.
240508-14:04:39,479 nipype.workflow ERROR:
	 Saving crash info to /oak/stanford/groups/fvlin/ACT/data/bids/T1_baseline/ASU/derivatives/fmriprep/sub-1233/log/20240508-140310_600e777a-9dd6-46c0-a88f-424d24243ead/crash-20240508-140439-ppwang-slice_timing_correction-3e55813a-c697-4467-bc06-090b4b31275c.txt
Traceback (most recent call last):
  File "/opt/conda/envs/fmriprep/lib/python3.10/site-packages/nipype/pipeline/plugins/multiproc.py", line 67, in run_node
    result["result"] = node.run(updatehash=updatehash)
  File "/opt/conda/envs/fmriprep/lib/python3.10/site-packages/nipype/pipeline/engine/nodes.py", line 527, in run
    result = self._run_interface(execute=True)
  File "/opt/conda/envs/fmriprep/lib/python3.10/site-packages/nipype/pipeline/engine/nodes.py", line 645, in _run_interface
    return self._run_command(execute)
  File "/opt/conda/envs/fmriprep/lib/python3.10/site-packages/nipype/pipeline/engine/nodes.py", line 771, in _run_command
    raise NodeExecutionError(msg)
nipype.pipeline.engine.nodes.NodeExecutionError: Exception raised while executing Node slice_timing_correction.

Cmdline:
	3dTshift -ignore 3 -prefix sub-1233_ses-01_task-rest_bold_tshift.nii.gz -tpattern @slice_timing.1D -TR 1.03s -tzero 3.981 /scratch/users/ppwang/Work/fmriprep_23_1_wf/single_subject_1233_wf/func_preproc_ses_01_task_rest_wf/bold_stc_wf/slice_timing_correction/sub-1233_ses-01_task-rest_bold.nii.gz
Stdout:

Stderr:
	++ 3dTshift: AFNI version=AFNI_23.2.02 (Jul 28 2023) [64-bit]
	[7m** FATAL ERROR:[0m Illegal value 4.0325 in tpattern file slice_timing.1D
	** Program compile date = Jul 28 2023
Traceback:
	Traceback (most recent call last):
	  File "/opt/conda/envs/fmriprep/lib/python3.10/site-packages/nipype/interfaces/base/core.py", line 453, in aggregate_outputs
	    setattr(outputs, key, val)
	  File "/opt/conda/envs/fmriprep/lib/python3.10/site-packages/nipype/interfaces/base/traits_extension.py", line 330, in validate
	    value = super(File, self).validate(objekt, name, value, return_pathlike=True)
	  File "/opt/conda/envs/fmriprep/lib/python3.10/site-packages/nipype/interfaces/base/traits_extension.py", line 135, in validate
	    self.error(objekt, name, str(value))
	  File "/opt/conda/envs/fmriprep/lib/python3.10/site-packages/traits/base_trait_handler.py", line 74, in error
	    raise TraitError(
	traits.trait_errors.TraitError: The 'out_file' trait of a TShiftOutputSpec instance must be a pathlike object or string representing an existing file, but a value of '/scratch/users/ppwang/Work/fmriprep_23_1_wf/single_subject_1233_wf/func_preproc_ses_01_task_rest_wf/bold_stc_wf/slice_timing_correction/sub-1233_ses-01_task-rest_bold_tshift.nii.gz' <class 'str'> was specified.

	During handling of the above exception, another exception occurred:

	Traceback (most recent call last):
	  File "/opt/conda/envs/fmriprep/lib/python3.10/site-packages/nipype/interfaces/base/core.py", line 400, in run
	    outputs = self.aggregate_outputs(runtime)
	  File "/opt/conda/envs/fmriprep/lib/python3.10/site-packages/nipype/interfaces/base/core.py", line 460, in aggregate_outputs
	    raise FileNotFoundError(msg)
	FileNotFoundError: No such file or directory '/scratch/users/ppwang/Work/fmriprep_23_1_wf/single_subject_1233_wf/func_preproc_ses_01_task_rest_wf/bold_stc_wf/slice_timing_correction/sub-1233_ses-01_task-rest_bold_tshift.nii.gz' for output 'out_file' of a TShift interface


240508-14:04:39,496 nipype.workflow CRITICAL:
	 fMRIPrep failed: Traceback (most recent call last):
  File "/opt/conda/envs/fmriprep/lib/python3.10/site-packages/nipype/pipeline/plugins/multiproc.py", line 67, in run_node
    result["result"] = node.run(updatehash=updatehash)
  File "/opt/conda/envs/fmriprep/lib/python3.10/site-packages/nipype/pipeline/engine/nodes.py", line 527, in run
    result = self._run_interface(execute=True)
  File "/opt/conda/envs/fmriprep/lib/python3.10/site-packages/nipype/pipeline/engine/nodes.py", line 645, in _run_interface
    return self._run_command(execute)
  File "/opt/conda/envs/fmriprep/lib/python3.10/site-packages/nipype/pipeline/engine/nodes.py", line 771, in _run_command
    raise NodeExecutionError(msg)
nipype.pipeline.engine.nodes.NodeExecutionError: Exception raised while executing Node slice_timing_correction.

Cmdline:
	3dTshift -ignore 3 -prefix sub-1233_ses-01_task-rest_bold_tshift.nii.gz -tpattern @slice_timing.1D -TR 1.03s -tzero 3.981 /scratch/users/ppwang/Work/fmriprep_23_1_wf/single_subject_1233_wf/func_preproc_ses_01_task_rest_wf/bold_stc_wf/slice_timing_correction/sub-1233_ses-01_task-rest_bold.nii.gz
Stdout:

Stderr:
	++ 3dTshift: AFNI version=AFNI_23.2.02 (Jul 28 2023) [64-bit]
	[7m** FATAL ERROR:[0m Illegal value 4.0325 in tpattern file slice_timing.1D
	** Program compile date = Jul 28 2023
Traceback:
	Traceback (most recent call last):
	  File "/opt/conda/envs/fmriprep/lib/python3.10/site-packages/nipype/interfaces/base/core.py", line 453, in aggregate_outputs
	    setattr(outputs, key, val)
	  File "/opt/conda/envs/fmriprep/lib/python3.10/site-packages/nipype/interfaces/base/traits_extension.py", line 330, in validate
	    value = super(File, self).validate(objekt, name, value, return_pathlike=True)
	  File "/opt/conda/envs/fmriprep/lib/python3.10/site-packages/nipype/interfaces/base/traits_extension.py", line 135, in validate
	    self.error(objekt, name, str(value))
	  File "/opt/conda/envs/fmriprep/lib/python3.10/site-packages/traits/base_trait_handler.py", line 74, in error
	    raise TraitError(
	traits.trait_errors.TraitError: The 'out_file' trait of a TShiftOutputSpec instance must be a pathlike object or string representing an existing file, but a value of '/scratch/users/ppwang/Work/fmriprep_23_1_wf/single_subject_1233_wf/func_preproc_ses_01_task_rest_wf/bold_stc_wf/slice_timing_correction/sub-1233_ses-01_task-rest_bold_tshift.nii.gz' <class 'str'> was specified.

	During handling of the above exception, another exception occurred:

	Traceback (most recent call last):
	  File "/opt/conda/envs/fmriprep/lib/python3.10/site-packages/nipype/interfaces/base/core.py", line 400, in run
	    outputs = self.aggregate_outputs(runtime)
	  File "/opt/conda/envs/fmriprep/lib/python3.10/site-packages/nipype/interfaces/base/core.py", line 460, in aggregate_outputs
	    raise FileNotFoundError(msg)
	FileNotFoundError: No such file or directory '/scratch/users/ppwang/Work/fmriprep_23_1_wf/single_subject_1233_wf/func_preproc_ses_01_task_rest_wf/bold_stc_wf/slice_timing_correction/sub-1233_ses-01_task-rest_bold_tshift.nii.gz' for output 'out_file' of a TShift interface


240508-14:04:40,150 cli ERROR:
	 Preprocessing did not finish successfully. Errors occurred while processing data from participants: 1233 (1). Check the HTML reports for details.
240508-14:04:44,235 nipype.interface INFO:
	 stderr 2024-05-08T14:04:44.235081:++ Max displacement in automask = 0.15 (mm) at sub-brick 2
240508-14:04:44,235 nipype.interface INFO:
	 stderr 2024-05-08T14:04:44.235081:++ Max delta displ  in automask = 0.09 (mm) at sub-brick 1
240508-14:04:44,994 nipype.workflow INFO:
	 [Node] Finished "gen_avg", elapsed time 11.214193s.
240508-14:05:11,211 nipype.workflow INFO:
	 [Node] Finished "_denoise0", elapsed time 35.549418s.
