WARNING: Skipping mount /var/tmp [tmp]: /var/tmp doesn't exist in container
You are using fMRIPrep-23.1.4, and a newer version of fMRIPrep is available: 23.2.1.
Please check out our documentation about how and when to upgrade:
https://fmriprep.readthedocs.io/en/latest/faq.html#upgrading
240508-13:55:57,256 nipype.workflow IMPORTANT:
	 Running fMRIPrep version 23.1.4

         License NOTICE ##################################################
         fMRIPrep 23.1.4
         Copyright 2023 The NiPreps Developers.
         
         This product includes software developed by
         the NiPreps Community (https://nipreps.org/).
         
         Portions of this software were developed at the Department of
         Psychology at Stanford University, Stanford, CA, US.
         
         This software is also distributed as a Docker container image.
         The bootstrapping file for the image ("Dockerfile") is licensed
         under the MIT License.
         
         This software may be distributed through an add-on package called
         "Docker Wrapper" that is under the BSD 3-clause License.
         #################################################################
240508-13:55:57,297 nipype.workflow WARNING:
	 Previous output generated by version 0+unknown found.
240508-13:55:58,180 nipype.workflow IMPORTANT:
	 Building fMRIPrep's workflow:
           * BIDS dataset path: /oak/stanford/groups/fvlin/ACT/data/bids/T1_baseline/ASU.
           * Participant list: ['1443'].
           * Run identifier: 20240508-135437_a906bd2d-683a-4a46-b540-5e19060644a7.
           * Output spaces: MNI152NLin2009cAsym:res-native.
           * Pre-run FreeSurfer's SUBJECTS_DIR: /oak/stanford/groups/fvlin/ACT/data/bids/T1_baseline/ASU/derivatives/fmriprep/sourcedata/freesurfer.
240508-13:56:13,81 nipype.workflow INFO:
	 B0 field inhomogeneity map will be estimated with the following 1 estimator(s): [<EstimatorType.PEPOLAR: 2>].
240508-13:56:13,284 nipype.workflow INFO:
	 No single-band-reference found for sub-1443_ses-01_task-rest_bold.nii.gz.
240508-13:56:13,286 nipype.workflow INFO:
	 Found usable B0-map (fieldmap) estimator(s) <auto_00000> to correct </oak/stanford/groups/fvlin/ACT/data/bids/T1_baseline/ASU/sub-1443/ses-01/func/sub-1443_ses-01_task-rest_bold.nii.gz> for susceptibility-derived distortions.
240508-13:56:13,628 nipype.workflow IMPORTANT:
	 BOLD series will be slice-timing corrected to an offset of 3.98s.
240508-13:56:55,942 nipype.workflow INFO:
	 Setting-up fieldmap "auto_00000" (EstimatorType.PEPOLAR) with <sub-1443_ses-01_dir-AP_epi.nii.gz, sub-1443_ses-01_dir-PA_epi.nii.gz>
240508-13:57:03,447 nipype.workflow INFO:
	 fMRIPrep workflow graph with 463 nodes built successfully.
240508-13:57:32,888 nipype.workflow IMPORTANT:
	 fMRIPrep started!
240508-13:57:53,123 nipype.workflow WARNING:
	 Some nodes exceed the total amount of memory available (123.00GB).
240508-13:58:04,634 nipype.workflow INFO:
	 [Node] Setting-up "fmriprep_23_1_wf.single_subject_1443_wf.anat_preproc_wf.brain_extraction_wf.full_wm" in "/scratch/users/ppwang/Work/fmriprep_23_1_wf/single_subject_1443_wf/anat_preproc_wf/brain_extraction_wf/full_wm".
240508-13:58:04,634 nipype.workflow INFO:
	 [Node] Setting-up "fmriprep_23_1_wf.single_subject_1443_wf.func_preproc_ses_01_task_rest_wf.bold_source" in "/scratch/users/ppwang/Work/fmriprep_23_1_wf/single_subject_1443_wf/func_preproc_ses_01_task_rest_wf/bold_source".
240508-13:58:04,634 nipype.workflow INFO:
	 [Node] Setting-up "fmriprep_23_1_wf.single_subject_1443_wf.func_preproc_ses_01_task_rest_wf.func_derivatives_wf.raw_sources" in "/scratch/users/ppwang/Work/fmriprep_23_1_wf/single_subject_1443_wf/func_preproc_ses_01_task_rest_wf/func_derivatives_wf/raw_sources".
240508-13:58:04,644 nipype.workflow INFO:
	 [Node] Executing "raw_sources" <nipype.interfaces.utility.wrappers.Function>
240508-13:58:04,645 nipype.workflow INFO:
	 [Node] Executing "full_wm" <nipype.interfaces.utility.wrappers.Function>
240508-13:58:04,645 nipype.workflow INFO:
	 [Node] Executing "bold_source" <nipype.interfaces.utility.base.Select>
240508-13:58:04,651 nipype.workflow INFO:
	 [Node] Finished "bold_source", elapsed time 0.000382s.
240508-13:58:04,651 nipype.workflow INFO:
	 [Node] Finished "raw_sources", elapsed time 0.00051s.
240508-13:58:04,773 nipype.workflow INFO:
	 [Node] Setting-up "fmriprep_23_1_wf.single_subject_1443_wf.bidssrc" in "/scratch/users/ppwang/Work/fmriprep_23_1_wf/single_subject_1443_wf/bidssrc".
240508-13:58:04,784 nipype.workflow INFO:
	 [Node] Executing "bidssrc" <niworkflows.interfaces.bids.BIDSDataGrabber>
240508-13:58:04,788 nipype.interface INFO:
	 No "t2w" images found for sub-1443
240508-13:58:04,788 nipype.interface INFO:
	 No "sbref" images found for sub-1443
240508-13:58:04,789 nipype.interface INFO:
	 No "roi" images found for sub-1443
240508-13:58:04,789 nipype.workflow INFO:
	 [Node] Finished "bidssrc", elapsed time 0.000669s.
240508-13:58:04,799 nipype.workflow INFO:
	 [Node] Setting-up "fmriprep_23_1_wf.single_subject_1443_wf.fmap_preproc_wf.out_merge_fmap_id" in "/scratch/users/ppwang/Work/fmriprep_23_1_wf/single_subject_1443_wf/fmap_preproc_wf/out_merge_fmap_id".
240508-13:58:04,808 nipype.workflow INFO:
	 [Node] Executing "out_merge_fmap_id" <nipype.interfaces.utility.base.Merge>
240508-13:58:04,809 nipype.workflow INFO:
	 [Node] Finished "out_merge_fmap_id", elapsed time 0.000155s.
240508-13:58:04,824 nipype.workflow INFO:
	 [Node] Setting-up "fmriprep_23_1_wf.single_subject_1443_wf.fmap_preproc_wf.out_merge_method" in "/scratch/users/ppwang/Work/fmriprep_23_1_wf/single_subject_1443_wf/fmap_preproc_wf/out_merge_method".
240508-13:58:04,832 nipype.workflow INFO:
	 [Node] Executing "out_merge_method" <nipype.interfaces.utility.base.Merge>
240508-13:58:04,833 nipype.workflow INFO:
	 [Node] Finished "out_merge_method", elapsed time 0.000172s.
240508-13:58:04,931 nipype.workflow INFO:
	 [Node] Setting-up "fmriprep_23_1_wf.single_subject_1443_wf.anat_preproc_wf.brain_extraction_wf.lap_tmpl" in "/scratch/users/ppwang/Work/fmriprep_23_1_wf/single_subject_1443_wf/anat_preproc_wf/brain_extraction_wf/lap_tmpl".
240508-13:58:04,941 nipype.workflow INFO:
	 [Node] Executing "lap_tmpl" <nipype.interfaces.ants.utils.ImageMath>
240508-13:58:05,318 nipype.workflow INFO:
	 [Node] Finished "full_wm", elapsed time 0.667434s.
240508-13:58:05,397 nipype.workflow INFO:
	 [Node] Setting-up "fmriprep_23_1_wf.single_subject_1443_wf.anat_preproc_wf.anat_template_wf.anat_ref_dimensions" in "/scratch/users/ppwang/Work/fmriprep_23_1_wf/single_subject_1443_wf/anat_preproc_wf/anat_template_wf/anat_ref_dimensions".
240508-13:58:05,407 nipype.workflow INFO:
	 [Node] Executing "anat_ref_dimensions" <niworkflows.interfaces.images.TemplateDimensions>
240508-13:58:05,509 nipype.workflow INFO:
	 [Node] Finished "anat_ref_dimensions", elapsed time 0.100895s.
240508-13:58:05,599 nipype.workflow INFO:
	 [Node] Setting-up "fmriprep_23_1_wf.single_subject_1443_wf.func_preproc_ses_01_task_rest_wf.initial_boldref_wf.get_dummy" in "/scratch/users/ppwang/Work/fmriprep_23_1_wf/single_subject_1443_wf/func_preproc_ses_01_task_rest_wf/initial_boldref_wf/get_dummy".
240508-13:58:05,612 nipype.workflow INFO:
	 [Node] Executing "get_dummy" <niworkflows.interfaces.bold.NonsteadyStatesDetector>
240508-13:58:05,626 nipype.workflow INFO:
	 [Node] Setting-up "_val_bold0" in "/scratch/users/ppwang/Work/fmriprep_23_1_wf/single_subject_1443_wf/func_preproc_ses_01_task_rest_wf/initial_boldref_wf/val_bold/mapflow/_val_bold0".
240508-13:58:05,634 nipype.workflow INFO:
	 [Node] Executing "_val_bold0" <niworkflows.interfaces.header.ValidateImage>
240508-13:58:05,674 nipype.workflow INFO:
	 [Node] Finished "_val_bold0", elapsed time 0.039743s.
240508-13:58:05,684 nipype.workflow INFO:
	 [Node] Setting-up "fmriprep_23_1_wf.single_subject_1443_wf.anat_preproc_wf.brain_extraction_wf.res_tmpl" in "/scratch/users/ppwang/Work/fmriprep_23_1_wf/single_subject_1443_wf/anat_preproc_wf/brain_extraction_wf/res_tmpl".
240508-13:58:05,807 nipype.workflow INFO:
	 [Node] Executing "res_tmpl" <niworkflows.interfaces.nibabel.RegridToZooms>
240508-13:58:06,124 nipype.workflow INFO:
	 [Node] Setting-up "_runwise_avg0" in "/scratch/users/ppwang/Work/fmriprep_23_1_wf/single_subject_1443_wf/fmap_preproc_wf/wf_auto_00000/runwise_avg/mapflow/_runwise_avg0".
240508-13:58:06,133 nipype.workflow INFO:
	 [Node] Executing "_runwise_avg0" <niworkflows.interfaces.images.RobustAverage>
240508-13:58:06,228 nipype.workflow INFO:
	 [Node] Finished "_runwise_avg0", elapsed time 0.088126s.
240508-13:58:07,134 nipype.workflow INFO:
	 [Node] Finished "res_tmpl", elapsed time 1.325579s.
240508-13:58:07,194 nipype.workflow INFO:
	 [Node] Setting-up "fmriprep_23_1_wf.single_subject_1443_wf.bids_info" in "/scratch/users/ppwang/Work/fmriprep_23_1_wf/single_subject_1443_wf/bids_info".
240508-13:58:07,205 nipype.workflow INFO:
	 [Node] Executing "bids_info" <niworkflows.interfaces.bids.BIDSInfo>
240508-13:58:07,213 nipype.workflow INFO:
	 [Node] Finished "bids_info", elapsed time 0.005541s.
240508-13:58:07,268 nipype.workflow INFO:
	 [Node] Setting-up "fmriprep_23_1_wf.single_subject_1443_wf.func_preproc_ses_01_task_rest_wf.select_bold" in "/scratch/users/ppwang/Work/fmriprep_23_1_wf/single_subject_1443_wf/func_preproc_ses_01_task_rest_wf/select_bold".
240508-13:58:07,574 nipype.workflow INFO:
	 [Node] Setting-up "fmriprep_23_1_wf.single_subject_1443_wf.anat_preproc_wf.anat_derivatives_wf.raw_sources" in "/scratch/users/ppwang/Work/fmriprep_23_1_wf/single_subject_1443_wf/anat_preproc_wf/anat_derivatives_wf/raw_sources".
240508-13:58:07,601 nipype.workflow INFO:
	 [Node] Setting-up "_denoise0" in "/scratch/users/ppwang/Work/fmriprep_23_1_wf/single_subject_1443_wf/anat_preproc_wf/anat_template_wf/denoise/mapflow/_denoise0".
240508-13:58:07,609 nipype.workflow INFO:
	 [Node] Executing "_denoise0" <nipype.interfaces.ants.segmentation.DenoiseImage>
240508-13:58:07,901 nipype.workflow INFO:
	 [Node] Executing "select_bold" <nipype.interfaces.utility.base.Select>
240508-13:58:07,903 nipype.workflow INFO:
	 [Node] Finished "select_bold", elapsed time 0.000217s.
240508-13:58:08,66 nipype.workflow INFO:
	 [Node] Executing "raw_sources" <nipype.interfaces.utility.wrappers.Function>
240508-13:58:08,67 nipype.workflow INFO:
	 [Node] Finished "raw_sources", elapsed time 0.000312s.
240508-13:58:08,356 nipype.workflow INFO:
	 [Node] Finished "get_dummy", elapsed time 2.7434950000000002s.
240508-13:58:09,414 nipype.workflow INFO:
	 [Node] Setting-up "fmriprep_23_1_wf.single_subject_1443_wf.func_preproc_ses_01_task_rest_wf.initial_boldref_wf.gen_avg" in "/scratch/users/ppwang/Work/fmriprep_23_1_wf/single_subject_1443_wf/func_preproc_ses_01_task_rest_wf/initial_boldref_wf/gen_avg".
240508-13:58:09,440 nipype.workflow INFO:
	 [Node] Executing "gen_avg" <niworkflows.interfaces.images.RobustAverage>
240508-13:58:09,567 nipype.workflow INFO:
	 [Node] Setting-up "fmriprep_23_1_wf.single_subject_1443_wf.anat_preproc_wf.fs_isrunning" in "/scratch/users/ppwang/Work/fmriprep_23_1_wf/single_subject_1443_wf/anat_preproc_wf/fs_isrunning".
240508-13:58:10,694 nipype.workflow INFO:
	 [Node] Executing "fs_isrunning" <nipype.interfaces.utility.wrappers.Function>
240508-13:58:10,695 nipype.workflow INFO:
	 [Node] Finished "fs_isrunning", elapsed time 0.000435s.
240508-13:58:11,400 nipype.workflow INFO:
	 [Node] Finished "lap_tmpl", elapsed time 6.45535s.
240508-13:58:13,269 nipype.workflow INFO:
	 [Node] Setting-up "fmriprep_23_1_wf.single_subject_1443_wf.anat_preproc_wf.brain_extraction_wf.mrg_tmpl" in "/scratch/users/ppwang/Work/fmriprep_23_1_wf/single_subject_1443_wf/anat_preproc_wf/brain_extraction_wf/mrg_tmpl".
240508-13:58:13,596 nipype.workflow INFO:
	 [Node] Executing "mrg_tmpl" <nipype.interfaces.utility.base.Merge>
240508-13:58:13,597 nipype.workflow INFO:
	 [Node] Finished "mrg_tmpl", elapsed time 0.000147s.
240508-13:58:13,713 nipype.interface INFO:
	 stderr 2024-05-08T13:58:13.713071:++ 3dvolreg: AFNI version=AFNI_23.2.02 (Jul 28 2023) [64-bit]
240508-13:58:13,713 nipype.interface INFO:
	 stderr 2024-05-08T13:58:13.713071:++ Authored by: RW Cox
240508-13:58:13,720 nipype.interface INFO:
	 stderr 2024-05-08T13:58:13.720812:** AFNI converts NIFTI_datatype=4 (INT16) in file /scratch/users/ppwang/Work/fmriprep_23_1_wf/single_subject_1443_wf/func_preproc_ses_01_task_rest_wf/initial_boldref_wf/gen_avg/sub-1443_ses-01_task-rest_bold_sliced.nii.gz to FLOAT32
240508-13:58:13,720 nipype.interface INFO:
	 stderr 2024-05-08T13:58:13.720812:     Warnings of this type will be muted for this session.
240508-13:58:13,720 nipype.interface INFO:
	 stderr 2024-05-08T13:58:13.720812:     Set AFNI_NIFTI_TYPE_WARN to YES to see them all, NO to see none.
240508-13:58:13,722 nipype.interface INFO:
	 stderr 2024-05-08T13:58:13.722875:[7m*+ WARNING:[0m   If you are performing spatial transformations on an oblique dset,
240508-13:58:13,722 nipype.interface INFO:
	 stderr 2024-05-08T13:58:13.722875:  such as /scratch/users/ppwang/Work/fmriprep_23_1_wf/single_subject_1443_wf/func_preproc_ses_01_task_rest_wf/initial_boldref_wf/gen_avg/sub-1443_ses-01_task-rest_bold_sliced.nii.gz,
240508-13:58:13,722 nipype.interface INFO:
	 stderr 2024-05-08T13:58:13.722875:  or viewing/combining it with volumes of differing obliquity,
240508-13:58:13,722 nipype.interface INFO:
	 stderr 2024-05-08T13:58:13.722875:  you should consider running: 
240508-13:58:13,723 nipype.interface INFO:
	 stderr 2024-05-08T13:58:13.722875:     3dWarp -deoblique 
240508-13:58:13,723 nipype.interface INFO:
	 stderr 2024-05-08T13:58:13.722875:  on this and  other oblique datasets in the same session.
240508-13:58:13,723 nipype.interface INFO:
	 stderr 2024-05-08T13:58:13.722875: See 3dWarp -help for details.
240508-13:58:13,723 nipype.interface INFO:
	 stderr 2024-05-08T13:58:13.723094:++ Oblique dataset:/scratch/users/ppwang/Work/fmriprep_23_1_wf/single_subject_1443_wf/func_preproc_ses_01_task_rest_wf/initial_boldref_wf/gen_avg/sub-1443_ses-01_task-rest_bold_sliced.nii.gz is 13.460388 degrees from plumb.
240508-13:58:13,723 nipype.interface INFO:
	 stderr 2024-05-08T13:58:13.723094:++ Coarse del was 10, replaced with 8
240508-13:58:15,438 nipype.workflow INFO:
	 [Node] Setting-up "fmriprep_23_1_wf.single_subject_1443_wf.func_preproc_ses_01_task_rest_wf.bold_stc_wf.slice_timing_correction" in "/scratch/users/ppwang/Work/fmriprep_23_1_wf/single_subject_1443_wf/func_preproc_ses_01_task_rest_wf/bold_stc_wf/slice_timing_correction".
240508-13:58:15,454 nipype.workflow INFO:
	 [Node] Executing "slice_timing_correction" <fmriprep.workflows.bold.stc.TShift>
240508-13:58:15,782 nipype.workflow INFO:
	 [Node] Finished "slice_timing_correction", elapsed time 0.323402s.
240508-13:58:15,783 nipype.workflow WARNING:
	 Storing result file without outputs
240508-13:58:15,785 nipype.workflow WARNING:
	 [Node] Error on "fmriprep_23_1_wf.single_subject_1443_wf.func_preproc_ses_01_task_rest_wf.bold_stc_wf.slice_timing_correction" (/scratch/users/ppwang/Work/fmriprep_23_1_wf/single_subject_1443_wf/func_preproc_ses_01_task_rest_wf/bold_stc_wf/slice_timing_correction)
240508-13:58:17,144 nipype.workflow ERROR:
	 Node slice_timing_correction failed to run on host sh03-01n30.int.
240508-13:58:17,149 nipype.workflow ERROR:
	 Saving crash info to /oak/stanford/groups/fvlin/ACT/data/bids/T1_baseline/ASU/derivatives/fmriprep/sub-1443/log/20240508-135437_a906bd2d-683a-4a46-b540-5e19060644a7/crash-20240508-135817-ppwang-slice_timing_correction-e19af311-9f41-4818-9fa1-85b790308bd8.txt
Traceback (most recent call last):
  File "/opt/conda/envs/fmriprep/lib/python3.10/site-packages/nipype/pipeline/plugins/multiproc.py", line 67, in run_node
    result["result"] = node.run(updatehash=updatehash)
  File "/opt/conda/envs/fmriprep/lib/python3.10/site-packages/nipype/pipeline/engine/nodes.py", line 527, in run
    result = self._run_interface(execute=True)
  File "/opt/conda/envs/fmriprep/lib/python3.10/site-packages/nipype/pipeline/engine/nodes.py", line 645, in _run_interface
    return self._run_command(execute)
  File "/opt/conda/envs/fmriprep/lib/python3.10/site-packages/nipype/pipeline/engine/nodes.py", line 771, in _run_command
    raise NodeExecutionError(msg)
nipype.pipeline.engine.nodes.NodeExecutionError: Exception raised while executing Node slice_timing_correction.

Cmdline:
	3dTshift -ignore 0 -prefix sub-1443_ses-01_task-rest_bold_tshift.nii.gz -tpattern @slice_timing.1D -TR 1.03s -tzero 3.981 /scratch/users/ppwang/Work/fmriprep_23_1_wf/single_subject_1443_wf/func_preproc_ses_01_task_rest_wf/bold_stc_wf/slice_timing_correction/sub-1443_ses-01_task-rest_bold.nii.gz
Stdout:

Stderr:
	++ 3dTshift: AFNI version=AFNI_23.2.02 (Jul 28 2023) [64-bit]
	[7m*+ WARNING:[0m   If you are performing spatial transformations on an oblique dset,
	  such as /scratch/users/ppwang/Work/fmriprep_23_1_wf/single_subject_1443_wf/func_preproc_ses_01_task_rest_wf/bold_stc_wf/slice_timing_correction/sub-1443_ses-01_task-rest_bold.nii.gz,
	  or viewing/combining it with volumes of differing obliquity,
	  you should consider running: 
	     3dWarp -deoblique 
	  on this and  other oblique datasets in the same session.
	 See 3dWarp -help for details.
	++ Oblique dataset:/scratch/users/ppwang/Work/fmriprep_23_1_wf/single_subject_1443_wf/func_preproc_ses_01_task_rest_wf/bold_stc_wf/slice_timing_correction/sub-1443_ses-01_task-rest_bold.nii.gz is 13.460388 degrees from plumb.
	[7m** FATAL ERROR:[0m Illegal value 4.0325 in tpattern file slice_timing.1D
	** Program compile date = Jul 28 2023
Traceback:
	Traceback (most recent call last):
	  File "/opt/conda/envs/fmriprep/lib/python3.10/site-packages/nipype/interfaces/base/core.py", line 453, in aggregate_outputs
	    setattr(outputs, key, val)
	  File "/opt/conda/envs/fmriprep/lib/python3.10/site-packages/nipype/interfaces/base/traits_extension.py", line 330, in validate
	    value = super(File, self).validate(objekt, name, value, return_pathlike=True)
	  File "/opt/conda/envs/fmriprep/lib/python3.10/site-packages/nipype/interfaces/base/traits_extension.py", line 135, in validate
	    self.error(objekt, name, str(value))
	  File "/opt/conda/envs/fmriprep/lib/python3.10/site-packages/traits/base_trait_handler.py", line 74, in error
	    raise TraitError(
	traits.trait_errors.TraitError: The 'out_file' trait of a TShiftOutputSpec instance must be a pathlike object or string representing an existing file, but a value of '/scratch/users/ppwang/Work/fmriprep_23_1_wf/single_subject_1443_wf/func_preproc_ses_01_task_rest_wf/bold_stc_wf/slice_timing_correction/sub-1443_ses-01_task-rest_bold_tshift.nii.gz' <class 'str'> was specified.

	During handling of the above exception, another exception occurred:

	Traceback (most recent call last):
	  File "/opt/conda/envs/fmriprep/lib/python3.10/site-packages/nipype/interfaces/base/core.py", line 400, in run
	    outputs = self.aggregate_outputs(runtime)
	  File "/opt/conda/envs/fmriprep/lib/python3.10/site-packages/nipype/interfaces/base/core.py", line 460, in aggregate_outputs
	    raise FileNotFoundError(msg)
	FileNotFoundError: No such file or directory '/scratch/users/ppwang/Work/fmriprep_23_1_wf/single_subject_1443_wf/func_preproc_ses_01_task_rest_wf/bold_stc_wf/slice_timing_correction/sub-1443_ses-01_task-rest_bold_tshift.nii.gz' for output 'out_file' of a TShift interface


240508-13:58:17,166 nipype.workflow CRITICAL:
	 fMRIPrep failed: Traceback (most recent call last):
  File "/opt/conda/envs/fmriprep/lib/python3.10/site-packages/nipype/pipeline/plugins/multiproc.py", line 67, in run_node
    result["result"] = node.run(updatehash=updatehash)
  File "/opt/conda/envs/fmriprep/lib/python3.10/site-packages/nipype/pipeline/engine/nodes.py", line 527, in run
    result = self._run_interface(execute=True)
  File "/opt/conda/envs/fmriprep/lib/python3.10/site-packages/nipype/pipeline/engine/nodes.py", line 645, in _run_interface
    return self._run_command(execute)
  File "/opt/conda/envs/fmriprep/lib/python3.10/site-packages/nipype/pipeline/engine/nodes.py", line 771, in _run_command
    raise NodeExecutionError(msg)
nipype.pipeline.engine.nodes.NodeExecutionError: Exception raised while executing Node slice_timing_correction.

Cmdline:
	3dTshift -ignore 0 -prefix sub-1443_ses-01_task-rest_bold_tshift.nii.gz -tpattern @slice_timing.1D -TR 1.03s -tzero 3.981 /scratch/users/ppwang/Work/fmriprep_23_1_wf/single_subject_1443_wf/func_preproc_ses_01_task_rest_wf/bold_stc_wf/slice_timing_correction/sub-1443_ses-01_task-rest_bold.nii.gz
Stdout:

Stderr:
	++ 3dTshift: AFNI version=AFNI_23.2.02 (Jul 28 2023) [64-bit]
	[7m*+ WARNING:[0m   If you are performing spatial transformations on an oblique dset,
	  such as /scratch/users/ppwang/Work/fmriprep_23_1_wf/single_subject_1443_wf/func_preproc_ses_01_task_rest_wf/bold_stc_wf/slice_timing_correction/sub-1443_ses-01_task-rest_bold.nii.gz,
	  or viewing/combining it with volumes of differing obliquity,
	  you should consider running: 
	     3dWarp -deoblique 
	  on this and  other oblique datasets in the same session.
	 See 3dWarp -help for details.
	++ Oblique dataset:/scratch/users/ppwang/Work/fmriprep_23_1_wf/single_subject_1443_wf/func_preproc_ses_01_task_rest_wf/bold_stc_wf/slice_timing_correction/sub-1443_ses-01_task-rest_bold.nii.gz is 13.460388 degrees from plumb.
	[7m** FATAL ERROR:[0m Illegal value 4.0325 in tpattern file slice_timing.1D
	** Program compile date = Jul 28 2023
Traceback:
	Traceback (most recent call last):
	  File "/opt/conda/envs/fmriprep/lib/python3.10/site-packages/nipype/interfaces/base/core.py", line 453, in aggregate_outputs
	    setattr(outputs, key, val)
	  File "/opt/conda/envs/fmriprep/lib/python3.10/site-packages/nipype/interfaces/base/traits_extension.py", line 330, in validate
	    value = super(File, self).validate(objekt, name, value, return_pathlike=True)
	  File "/opt/conda/envs/fmriprep/lib/python3.10/site-packages/nipype/interfaces/base/traits_extension.py", line 135, in validate
	    self.error(objekt, name, str(value))
	  File "/opt/conda/envs/fmriprep/lib/python3.10/site-packages/traits/base_trait_handler.py", line 74, in error
	    raise TraitError(
	traits.trait_errors.TraitError: The 'out_file' trait of a TShiftOutputSpec instance must be a pathlike object or string representing an existing file, but a value of '/scratch/users/ppwang/Work/fmriprep_23_1_wf/single_subject_1443_wf/func_preproc_ses_01_task_rest_wf/bold_stc_wf/slice_timing_correction/sub-1443_ses-01_task-rest_bold_tshift.nii.gz' <class 'str'> was specified.

	During handling of the above exception, another exception occurred:

	Traceback (most recent call last):
	  File "/opt/conda/envs/fmriprep/lib/python3.10/site-packages/nipype/interfaces/base/core.py", line 400, in run
	    outputs = self.aggregate_outputs(runtime)
	  File "/opt/conda/envs/fmriprep/lib/python3.10/site-packages/nipype/interfaces/base/core.py", line 460, in aggregate_outputs
	    raise FileNotFoundError(msg)
	FileNotFoundError: No such file or directory '/scratch/users/ppwang/Work/fmriprep_23_1_wf/single_subject_1443_wf/func_preproc_ses_01_task_rest_wf/bold_stc_wf/slice_timing_correction/sub-1443_ses-01_task-rest_bold_tshift.nii.gz' for output 'out_file' of a TShift interface


240508-13:58:18,44 cli ERROR:
	 Preprocessing did not finish successfully. Errors occurred while processing data from participants: 1443 (1). Check the HTML reports for details.
240508-13:58:45,335 nipype.workflow INFO:
	 [Node] Finished "_denoise0", elapsed time 37.721938s.
240508-13:59:05,423 nipype.interface INFO:
	 stderr 2024-05-08T13:59:05.423532:++ Max displacement in automask = 2.57 (mm) at sub-brick 7
240508-13:59:05,423 nipype.interface INFO:
	 stderr 2024-05-08T13:59:05.423532:++ Max delta displ  in automask = 2.31 (mm) at sub-brick 7
240508-13:59:09,217 nipype.workflow INFO:
	 [Node] Finished "gen_avg", elapsed time 59.776521s.
