WARNING: Skipping mount /var/tmp [tmp]: /var/tmp doesn't exist in container
You are using fMRIPrep-23.1.4, and a newer version of fMRIPrep is available: 23.2.2.
Please check out our documentation about how and when to upgrade:
https://fmriprep.readthedocs.io/en/latest/faq.html#upgrading
240508-14:03:41,710 nipype.workflow IMPORTANT:
	 Running fMRIPrep version 23.1.4

         License NOTICE ##################################################
         fMRIPrep 23.1.4
         Copyright 2023 The NiPreps Developers.
         
         This product includes software developed by
         the NiPreps Community (https://nipreps.org/).
         
         Portions of this software were developed at the Department of
         Psychology at Stanford University, Stanford, CA, US.
         
         This software is also distributed as a Docker container image.
         The bootstrapping file for the image ("Dockerfile") is licensed
         under the MIT License.
         
         This software may be distributed through an add-on package called
         "Docker Wrapper" that is under the BSD 3-clause License.
         #################################################################
240508-14:03:41,711 nipype.workflow WARNING:
	 Previous output generated by version 0+unknown found.
240508-14:03:42,569 nipype.workflow IMPORTANT:
	 Building fMRIPrep's workflow:
           * BIDS dataset path: /oak/stanford/groups/fvlin/ACT/data/bids/T1_baseline/ASU.
           * Participant list: ['1541'].
           * Run identifier: 20240508-140310_3bc362fe-98f3-4249-a262-b586beb14a23.
           * Output spaces: MNI152NLin2009cAsym:res-native.
           * Pre-run FreeSurfer's SUBJECTS_DIR: /oak/stanford/groups/fvlin/ACT/data/bids/T1_baseline/ASU/derivatives/fmriprep/sourcedata/freesurfer.
240508-14:03:43,746 nipype.workflow INFO:
	 B0 field inhomogeneity map will be estimated with the following 1 estimator(s): [<EstimatorType.PEPOLAR: 2>].
240508-14:03:43,972 nipype.workflow INFO:
	 No single-band-reference found for sub-1541_ses-01_task-rest_bold.nii.gz.
240508-14:03:43,973 nipype.workflow INFO:
	 Found usable B0-map (fieldmap) estimator(s) <auto_00000> to correct </oak/stanford/groups/fvlin/ACT/data/bids/T1_baseline/ASU/sub-1541/ses-01/func/sub-1541_ses-01_task-rest_bold.nii.gz> for susceptibility-derived distortions.
240508-14:03:44,110 nipype.workflow IMPORTANT:
	 BOLD series will be slice-timing corrected to an offset of 3.98s.
240508-14:03:46,210 nipype.workflow INFO:
	 Setting-up fieldmap "auto_00000" (EstimatorType.PEPOLAR) with <sub-1541_ses-01_dir-AP_epi.nii.gz, sub-1541_ses-01_dir-PA_epi.nii.gz>
240508-14:03:52,621 nipype.workflow INFO:
	 fMRIPrep workflow graph with 463 nodes built successfully.
240508-14:04:18,309 nipype.workflow IMPORTANT:
	 fMRIPrep started!
240508-14:04:19,894 nipype.workflow WARNING:
	 Some nodes exceed the total amount of memory available (123.00GB).
240508-14:04:28,646 nipype.workflow INFO:
	 [Node] Setting-up "fmriprep_23_1_wf.single_subject_1541_wf.anat_preproc_wf.brain_extraction_wf.full_wm" in "/scratch/users/ppwang/Work/fmriprep_23_1_wf/single_subject_1541_wf/anat_preproc_wf/brain_extraction_wf/full_wm".
240508-14:04:28,656 nipype.workflow INFO:
	 [Node] Executing "full_wm" <nipype.interfaces.utility.wrappers.Function>
240508-14:04:28,723 nipype.workflow INFO:
	 [Node] Setting-up "fmriprep_23_1_wf.single_subject_1541_wf.func_preproc_ses_01_task_rest_wf.bold_source" in "/scratch/users/ppwang/Work/fmriprep_23_1_wf/single_subject_1541_wf/func_preproc_ses_01_task_rest_wf/bold_source".
240508-14:04:28,732 nipype.workflow INFO:
	 [Node] Executing "bold_source" <nipype.interfaces.utility.base.Select>
240508-14:04:28,735 nipype.workflow INFO:
	 [Node] Finished "bold_source", elapsed time 0.000297s.
240508-14:04:28,747 nipype.workflow INFO:
	 [Node] Setting-up "fmriprep_23_1_wf.single_subject_1541_wf.func_preproc_ses_01_task_rest_wf.func_derivatives_wf.raw_sources" in "/scratch/users/ppwang/Work/fmriprep_23_1_wf/single_subject_1541_wf/func_preproc_ses_01_task_rest_wf/func_derivatives_wf/raw_sources".
240508-14:04:28,756 nipype.workflow INFO:
	 [Node] Executing "raw_sources" <nipype.interfaces.utility.wrappers.Function>
240508-14:04:28,757 nipype.workflow INFO:
	 [Node] Finished "raw_sources", elapsed time 0.000378s.
240508-14:04:28,765 nipype.workflow INFO:
	 [Node] Setting-up "fmriprep_23_1_wf.single_subject_1541_wf.fmap_preproc_wf.out_merge_fmap_id" in "/scratch/users/ppwang/Work/fmriprep_23_1_wf/single_subject_1541_wf/fmap_preproc_wf/out_merge_fmap_id".
240508-14:04:28,774 nipype.workflow INFO:
	 [Node] Executing "out_merge_fmap_id" <nipype.interfaces.utility.base.Merge>
240508-14:04:28,775 nipype.workflow INFO:
	 [Node] Finished "out_merge_fmap_id", elapsed time 0.000155s.
240508-14:04:28,784 nipype.workflow INFO:
	 [Node] Setting-up "fmriprep_23_1_wf.single_subject_1541_wf.fmap_preproc_wf.out_merge_method" in "/scratch/users/ppwang/Work/fmriprep_23_1_wf/single_subject_1541_wf/fmap_preproc_wf/out_merge_method".
240508-14:04:28,792 nipype.workflow INFO:
	 [Node] Executing "out_merge_method" <nipype.interfaces.utility.base.Merge>
240508-14:04:28,794 nipype.workflow INFO:
	 [Node] Finished "out_merge_method", elapsed time 0.000159s.
240508-14:04:28,841 nipype.workflow INFO:
	 [Node] Setting-up "fmriprep_23_1_wf.single_subject_1541_wf.anat_preproc_wf.brain_extraction_wf.lap_tmpl" in "/scratch/users/ppwang/Work/fmriprep_23_1_wf/single_subject_1541_wf/anat_preproc_wf/brain_extraction_wf/lap_tmpl".
240508-14:04:28,850 nipype.workflow INFO:
	 [Node] Executing "lap_tmpl" <nipype.interfaces.ants.utils.ImageMath>
240508-14:04:29,13 nipype.workflow INFO:
	 [Node] Setting-up "fmriprep_23_1_wf.single_subject_1541_wf.anat_preproc_wf.brain_extraction_wf.res_tmpl" in "/scratch/users/ppwang/Work/fmriprep_23_1_wf/single_subject_1541_wf/anat_preproc_wf/brain_extraction_wf/res_tmpl".
240508-14:04:29,25 nipype.workflow INFO:
	 [Node] Executing "res_tmpl" <niworkflows.interfaces.nibabel.RegridToZooms>
240508-14:04:29,136 nipype.workflow INFO:
	 [Node] Setting-up "fmriprep_23_1_wf.single_subject_1541_wf.func_preproc_ses_01_task_rest_wf.initial_boldref_wf.get_dummy" in "/scratch/users/ppwang/Work/fmriprep_23_1_wf/single_subject_1541_wf/func_preproc_ses_01_task_rest_wf/initial_boldref_wf/get_dummy".
240508-14:04:29,145 nipype.workflow INFO:
	 [Node] Executing "get_dummy" <niworkflows.interfaces.bold.NonsteadyStatesDetector>
240508-14:04:29,154 nipype.workflow INFO:
	 [Node] Setting-up "_val_bold0" in "/scratch/users/ppwang/Work/fmriprep_23_1_wf/single_subject_1541_wf/func_preproc_ses_01_task_rest_wf/initial_boldref_wf/val_bold/mapflow/_val_bold0".
240508-14:04:29,163 nipype.workflow INFO:
	 [Node] Executing "_val_bold0" <niworkflows.interfaces.header.ValidateImage>
240508-14:04:29,184 nipype.workflow INFO:
	 [Node] Finished "full_wm", elapsed time 0.519811s.
240508-14:04:29,202 nipype.workflow INFO:
	 [Node] Finished "_val_bold0", elapsed time 0.037292s.
240508-14:04:29,831 nipype.workflow INFO:
	 [Node] Setting-up "fmriprep_23_1_wf.single_subject_1541_wf.bidssrc" in "/scratch/users/ppwang/Work/fmriprep_23_1_wf/single_subject_1541_wf/bidssrc".
240508-14:04:29,841 nipype.workflow INFO:
	 [Node] Executing "bidssrc" <niworkflows.interfaces.bids.BIDSDataGrabber>
240508-14:04:29,843 nipype.interface INFO:
	 No "t2w" images found for sub-1541
240508-14:04:29,843 nipype.interface INFO:
	 No "flair" images found for sub-1541
240508-14:04:29,843 nipype.interface INFO:
	 No "sbref" images found for sub-1541
240508-14:04:29,843 nipype.interface INFO:
	 No "roi" images found for sub-1541
240508-14:04:29,843 nipype.workflow INFO:
	 [Node] Finished "bidssrc", elapsed time 0.000447s.
240508-14:04:30,227 nipype.workflow INFO:
	 [Node] Setting-up "fmriprep_23_1_wf.single_subject_1541_wf.func_preproc_ses_01_task_rest_wf.select_bold" in "/scratch/users/ppwang/Work/fmriprep_23_1_wf/single_subject_1541_wf/func_preproc_ses_01_task_rest_wf/select_bold".
240508-14:04:30,264 nipype.workflow INFO:
	 [Node] Finished "res_tmpl", elapsed time 1.237525s.
240508-14:04:30,429 nipype.workflow INFO:
	 [Node] Setting-up "fmriprep_23_1_wf.single_subject_1541_wf.anat_preproc_wf.anat_template_wf.anat_ref_dimensions" in "/scratch/users/ppwang/Work/fmriprep_23_1_wf/single_subject_1541_wf/anat_preproc_wf/anat_template_wf/anat_ref_dimensions".
240508-14:04:30,625 nipype.workflow INFO:
	 [Node] Executing "select_bold" <nipype.interfaces.utility.base.Select>
240508-14:04:30,627 nipype.workflow INFO:
	 [Node] Finished "select_bold", elapsed time 0.000247s.
240508-14:04:30,646 nipype.workflow INFO:
	 [Node] Setting-up "_runwise_avg0" in "/scratch/users/ppwang/Work/fmriprep_23_1_wf/single_subject_1541_wf/fmap_preproc_wf/wf_auto_00000/runwise_avg/mapflow/_runwise_avg0".
240508-14:04:30,655 nipype.workflow INFO:
	 [Node] Executing "_runwise_avg0" <niworkflows.interfaces.images.RobustAverage>
240508-14:04:31,235 nipype.workflow INFO:
	 [Node] Finished "_runwise_avg0", elapsed time 0.578903s.
240508-14:04:31,531 nipype.workflow INFO:
	 [Node] Setting-up "fmriprep_23_1_wf.single_subject_1541_wf.bids_info" in "/scratch/users/ppwang/Work/fmriprep_23_1_wf/single_subject_1541_wf/bids_info".
240508-14:04:31,541 nipype.workflow INFO:
	 [Node] Executing "bids_info" <niworkflows.interfaces.bids.BIDSInfo>
240508-14:04:31,547 nipype.workflow INFO:
	 [Node] Finished "bids_info", elapsed time 0.005395s.
240508-14:04:31,577 nipype.workflow INFO:
	 [Node] Executing "anat_ref_dimensions" <niworkflows.interfaces.images.TemplateDimensions>
240508-14:04:31,703 nipype.workflow INFO:
	 [Node] Finished "anat_ref_dimensions", elapsed time 0.123624s.
240508-14:04:32,14 nipype.workflow INFO:
	 [Node] Finished "get_dummy", elapsed time 2.866587s.
240508-14:04:32,218 nipype.workflow INFO:
	 [Node] Setting-up "fmriprep_23_1_wf.single_subject_1541_wf.anat_preproc_wf.fs_isrunning" in "/scratch/users/ppwang/Work/fmriprep_23_1_wf/single_subject_1541_wf/anat_preproc_wf/fs_isrunning".
240508-14:04:32,374 nipype.workflow INFO:
	 [Node] Setting-up "fmriprep_23_1_wf.single_subject_1541_wf.anat_preproc_wf.anat_derivatives_wf.raw_sources" in "/scratch/users/ppwang/Work/fmriprep_23_1_wf/single_subject_1541_wf/anat_preproc_wf/anat_derivatives_wf/raw_sources".
240508-14:04:32,383 nipype.workflow INFO:
	 [Node] Setting-up "_denoise0" in "/scratch/users/ppwang/Work/fmriprep_23_1_wf/single_subject_1541_wf/anat_preproc_wf/anat_template_wf/denoise/mapflow/_denoise0".
240508-14:04:32,393 nipype.workflow INFO:
	 [Node] Executing "raw_sources" <nipype.interfaces.utility.wrappers.Function>
240508-14:04:32,394 nipype.workflow INFO:
	 [Node] Executing "_denoise0" <nipype.interfaces.ants.segmentation.DenoiseImage>
240508-14:04:32,394 nipype.workflow INFO:
	 [Node] Finished "raw_sources", elapsed time 0.000349s.
240508-14:04:33,345 nipype.workflow INFO:
	 [Node] Executing "fs_isrunning" <nipype.interfaces.utility.wrappers.Function>
240508-14:04:33,346 nipype.workflow INFO:
	 [Node] Finished "fs_isrunning", elapsed time 0.000433s.
240508-14:04:34,206 nipype.workflow INFO:
	 [Node] Setting-up "fmriprep_23_1_wf.single_subject_1541_wf.func_preproc_ses_01_task_rest_wf.initial_boldref_wf.gen_avg" in "/scratch/users/ppwang/Work/fmriprep_23_1_wf/single_subject_1541_wf/func_preproc_ses_01_task_rest_wf/initial_boldref_wf/gen_avg".
240508-14:04:34,232 nipype.workflow INFO:
	 [Node] Executing "gen_avg" <niworkflows.interfaces.images.RobustAverage>
240508-14:04:34,637 nipype.workflow INFO:
	 [Node] Finished "lap_tmpl", elapsed time 5.78398s.
240508-14:04:36,47 nipype.workflow INFO:
	 [Node] Setting-up "fmriprep_23_1_wf.single_subject_1541_wf.anat_preproc_wf.brain_extraction_wf.mrg_tmpl" in "/scratch/users/ppwang/Work/fmriprep_23_1_wf/single_subject_1541_wf/anat_preproc_wf/brain_extraction_wf/mrg_tmpl".
240508-14:04:36,94 nipype.workflow INFO:
	 [Node] Executing "mrg_tmpl" <nipype.interfaces.utility.base.Merge>
240508-14:04:36,95 nipype.workflow INFO:
	 [Node] Finished "mrg_tmpl", elapsed time 0.000152s.
240508-14:04:37,81 nipype.interface INFO:
	 stderr 2024-05-08T14:04:37.081724:++ 3dvolreg: AFNI version=AFNI_23.2.02 (Jul 28 2023) [64-bit]
240508-14:04:37,81 nipype.interface INFO:
	 stderr 2024-05-08T14:04:37.081724:++ Authored by: RW Cox
240508-14:04:37,89 nipype.interface INFO:
	 stderr 2024-05-08T14:04:37.089547:** AFNI converts NIFTI_datatype=4 (INT16) in file /scratch/users/ppwang/Work/fmriprep_23_1_wf/single_subject_1541_wf/func_preproc_ses_01_task_rest_wf/initial_boldref_wf/gen_avg/sub-1541_ses-01_task-rest_bold_sliced.nii.gz to FLOAT32
240508-14:04:37,89 nipype.interface INFO:
	 stderr 2024-05-08T14:04:37.089547:     Warnings of this type will be muted for this session.
240508-14:04:37,89 nipype.interface INFO:
	 stderr 2024-05-08T14:04:37.089547:     Set AFNI_NIFTI_TYPE_WARN to YES to see them all, NO to see none.
240508-14:04:37,93 nipype.interface INFO:
	 stderr 2024-05-08T14:04:37.093146:++ Coarse del was 10, replaced with 8
240508-14:04:38,760 nipype.workflow INFO:
	 [Node] Setting-up "fmriprep_23_1_wf.single_subject_1541_wf.func_preproc_ses_01_task_rest_wf.bold_stc_wf.slice_timing_correction" in "/scratch/users/ppwang/Work/fmriprep_23_1_wf/single_subject_1541_wf/func_preproc_ses_01_task_rest_wf/bold_stc_wf/slice_timing_correction".
240508-14:04:38,774 nipype.workflow INFO:
	 [Node] Executing "slice_timing_correction" <fmriprep.workflows.bold.stc.TShift>
240508-14:04:39,4 nipype.workflow INFO:
	 [Node] Finished "slice_timing_correction", elapsed time 0.228357s.
240508-14:04:39,4 nipype.workflow WARNING:
	 Storing result file without outputs
240508-14:04:39,7 nipype.workflow WARNING:
	 [Node] Error on "fmriprep_23_1_wf.single_subject_1541_wf.func_preproc_ses_01_task_rest_wf.bold_stc_wf.slice_timing_correction" (/scratch/users/ppwang/Work/fmriprep_23_1_wf/single_subject_1541_wf/func_preproc_ses_01_task_rest_wf/bold_stc_wf/slice_timing_correction)
240508-14:04:39,914 nipype.workflow ERROR:
	 Node slice_timing_correction failed to run on host sh03-01n39.int.
240508-14:04:39,919 nipype.workflow ERROR:
	 Saving crash info to /oak/stanford/groups/fvlin/ACT/data/bids/T1_baseline/ASU/derivatives/fmriprep/sub-1541/log/20240508-140310_3bc362fe-98f3-4249-a262-b586beb14a23/crash-20240508-140439-ppwang-slice_timing_correction-7f276864-6ec2-440b-8135-cdc68f879eab.txt
Traceback (most recent call last):
  File "/opt/conda/envs/fmriprep/lib/python3.10/site-packages/nipype/pipeline/plugins/multiproc.py", line 67, in run_node
    result["result"] = node.run(updatehash=updatehash)
  File "/opt/conda/envs/fmriprep/lib/python3.10/site-packages/nipype/pipeline/engine/nodes.py", line 527, in run
    result = self._run_interface(execute=True)
  File "/opt/conda/envs/fmriprep/lib/python3.10/site-packages/nipype/pipeline/engine/nodes.py", line 645, in _run_interface
    return self._run_command(execute)
  File "/opt/conda/envs/fmriprep/lib/python3.10/site-packages/nipype/pipeline/engine/nodes.py", line 771, in _run_command
    raise NodeExecutionError(msg)
nipype.pipeline.engine.nodes.NodeExecutionError: Exception raised while executing Node slice_timing_correction.

Cmdline:
	3dTshift -ignore 1 -prefix sub-1541_ses-01_task-rest_bold_tshift.nii.gz -tpattern @slice_timing.1D -TR 1.03s -tzero 3.981 /scratch/users/ppwang/Work/fmriprep_23_1_wf/single_subject_1541_wf/func_preproc_ses_01_task_rest_wf/bold_stc_wf/slice_timing_correction/sub-1541_ses-01_task-rest_bold.nii.gz
Stdout:

Stderr:
	++ 3dTshift: AFNI version=AFNI_23.2.02 (Jul 28 2023) [64-bit]
	[7m** FATAL ERROR:[0m Illegal value 4.03 in tpattern file slice_timing.1D
	** Program compile date = Jul 28 2023
Traceback:
	Traceback (most recent call last):
	  File "/opt/conda/envs/fmriprep/lib/python3.10/site-packages/nipype/interfaces/base/core.py", line 453, in aggregate_outputs
	    setattr(outputs, key, val)
	  File "/opt/conda/envs/fmriprep/lib/python3.10/site-packages/nipype/interfaces/base/traits_extension.py", line 330, in validate
	    value = super(File, self).validate(objekt, name, value, return_pathlike=True)
	  File "/opt/conda/envs/fmriprep/lib/python3.10/site-packages/nipype/interfaces/base/traits_extension.py", line 135, in validate
	    self.error(objekt, name, str(value))
	  File "/opt/conda/envs/fmriprep/lib/python3.10/site-packages/traits/base_trait_handler.py", line 74, in error
	    raise TraitError(
	traits.trait_errors.TraitError: The 'out_file' trait of a TShiftOutputSpec instance must be a pathlike object or string representing an existing file, but a value of '/scratch/users/ppwang/Work/fmriprep_23_1_wf/single_subject_1541_wf/func_preproc_ses_01_task_rest_wf/bold_stc_wf/slice_timing_correction/sub-1541_ses-01_task-rest_bold_tshift.nii.gz' <class 'str'> was specified.

	During handling of the above exception, another exception occurred:

	Traceback (most recent call last):
	  File "/opt/conda/envs/fmriprep/lib/python3.10/site-packages/nipype/interfaces/base/core.py", line 400, in run
	    outputs = self.aggregate_outputs(runtime)
	  File "/opt/conda/envs/fmriprep/lib/python3.10/site-packages/nipype/interfaces/base/core.py", line 460, in aggregate_outputs
	    raise FileNotFoundError(msg)
	FileNotFoundError: No such file or directory '/scratch/users/ppwang/Work/fmriprep_23_1_wf/single_subject_1541_wf/func_preproc_ses_01_task_rest_wf/bold_stc_wf/slice_timing_correction/sub-1541_ses-01_task-rest_bold_tshift.nii.gz' for output 'out_file' of a TShift interface


240508-14:04:39,937 nipype.workflow CRITICAL:
	 fMRIPrep failed: Traceback (most recent call last):
  File "/opt/conda/envs/fmriprep/lib/python3.10/site-packages/nipype/pipeline/plugins/multiproc.py", line 67, in run_node
    result["result"] = node.run(updatehash=updatehash)
  File "/opt/conda/envs/fmriprep/lib/python3.10/site-packages/nipype/pipeline/engine/nodes.py", line 527, in run
    result = self._run_interface(execute=True)
  File "/opt/conda/envs/fmriprep/lib/python3.10/site-packages/nipype/pipeline/engine/nodes.py", line 645, in _run_interface
    return self._run_command(execute)
  File "/opt/conda/envs/fmriprep/lib/python3.10/site-packages/nipype/pipeline/engine/nodes.py", line 771, in _run_command
    raise NodeExecutionError(msg)
nipype.pipeline.engine.nodes.NodeExecutionError: Exception raised while executing Node slice_timing_correction.

Cmdline:
	3dTshift -ignore 1 -prefix sub-1541_ses-01_task-rest_bold_tshift.nii.gz -tpattern @slice_timing.1D -TR 1.03s -tzero 3.981 /scratch/users/ppwang/Work/fmriprep_23_1_wf/single_subject_1541_wf/func_preproc_ses_01_task_rest_wf/bold_stc_wf/slice_timing_correction/sub-1541_ses-01_task-rest_bold.nii.gz
Stdout:

Stderr:
	++ 3dTshift: AFNI version=AFNI_23.2.02 (Jul 28 2023) [64-bit]
	[7m** FATAL ERROR:[0m Illegal value 4.03 in tpattern file slice_timing.1D
	** Program compile date = Jul 28 2023
Traceback:
	Traceback (most recent call last):
	  File "/opt/conda/envs/fmriprep/lib/python3.10/site-packages/nipype/interfaces/base/core.py", line 453, in aggregate_outputs
	    setattr(outputs, key, val)
	  File "/opt/conda/envs/fmriprep/lib/python3.10/site-packages/nipype/interfaces/base/traits_extension.py", line 330, in validate
	    value = super(File, self).validate(objekt, name, value, return_pathlike=True)
	  File "/opt/conda/envs/fmriprep/lib/python3.10/site-packages/nipype/interfaces/base/traits_extension.py", line 135, in validate
	    self.error(objekt, name, str(value))
	  File "/opt/conda/envs/fmriprep/lib/python3.10/site-packages/traits/base_trait_handler.py", line 74, in error
	    raise TraitError(
	traits.trait_errors.TraitError: The 'out_file' trait of a TShiftOutputSpec instance must be a pathlike object or string representing an existing file, but a value of '/scratch/users/ppwang/Work/fmriprep_23_1_wf/single_subject_1541_wf/func_preproc_ses_01_task_rest_wf/bold_stc_wf/slice_timing_correction/sub-1541_ses-01_task-rest_bold_tshift.nii.gz' <class 'str'> was specified.

	During handling of the above exception, another exception occurred:

	Traceback (most recent call last):
	  File "/opt/conda/envs/fmriprep/lib/python3.10/site-packages/nipype/interfaces/base/core.py", line 400, in run
	    outputs = self.aggregate_outputs(runtime)
	  File "/opt/conda/envs/fmriprep/lib/python3.10/site-packages/nipype/interfaces/base/core.py", line 460, in aggregate_outputs
	    raise FileNotFoundError(msg)
	FileNotFoundError: No such file or directory '/scratch/users/ppwang/Work/fmriprep_23_1_wf/single_subject_1541_wf/func_preproc_ses_01_task_rest_wf/bold_stc_wf/slice_timing_correction/sub-1541_ses-01_task-rest_bold_tshift.nii.gz' for output 'out_file' of a TShift interface


240508-14:04:40,464 cli ERROR:
	 Preprocessing did not finish successfully. Errors occurred while processing data from participants: 1541 (1). Check the HTML reports for details.
240508-14:05:09,666 nipype.workflow INFO:
	 [Node] Finished "_denoise0", elapsed time 37.268402s.
240508-14:05:26,445 nipype.interface INFO:
	 stderr 2024-05-08T14:05:26.445137:++ Max displacement in automask = 0.36 (mm) at sub-brick 19
240508-14:05:26,445 nipype.interface INFO:
	 stderr 2024-05-08T14:05:26.445137:++ Max delta displ  in automask = 0.41 (mm) at sub-brick 19
240508-14:05:30,170 nipype.workflow INFO:
	 [Node] Finished "gen_avg", elapsed time 55.937212s.
