WARNING: Skipping mount /var/tmp [tmp]: /var/tmp doesn't exist in container
You are using fMRIPrep-23.1.4, and a newer version of fMRIPrep is available: 23.2.2.
Please check out our documentation about how and when to upgrade:
https://fmriprep.readthedocs.io/en/latest/faq.html#upgrading
240508-14:00:33,484 nipype.workflow IMPORTANT:
	 Running fMRIPrep version 23.1.4

         License NOTICE ##################################################
         fMRIPrep 23.1.4
         Copyright 2023 The NiPreps Developers.
         
         This product includes software developed by
         the NiPreps Community (https://nipreps.org/).
         
         Portions of this software were developed at the Department of
         Psychology at Stanford University, Stanford, CA, US.
         
         This software is also distributed as a Docker container image.
         The bootstrapping file for the image ("Dockerfile") is licensed
         under the MIT License.
         
         This software may be distributed through an add-on package called
         "Docker Wrapper" that is under the BSD 3-clause License.
         #################################################################
240508-14:00:33,486 nipype.workflow WARNING:
	 Previous output generated by version 0+unknown found.
240508-14:00:34,343 nipype.workflow IMPORTANT:
	 Building fMRIPrep's workflow:
           * BIDS dataset path: /oak/stanford/groups/fvlin/ACT/data/bids/T1_baseline/ASU.
           * Participant list: ['1522'].
           * Run identifier: 20240508-135958_fe4d6044-43c9-43f3-ade5-947ba6c8b81a.
           * Output spaces: MNI152NLin2009cAsym:res-native.
           * Pre-run FreeSurfer's SUBJECTS_DIR: /oak/stanford/groups/fvlin/ACT/data/bids/T1_baseline/ASU/derivatives/fmriprep/sourcedata/freesurfer.
240508-14:00:35,597 nipype.workflow INFO:
	 B0 field inhomogeneity map will be estimated with the following 1 estimator(s): [<EstimatorType.PEPOLAR: 2>].
240508-14:00:35,772 nipype.workflow INFO:
	 No single-band-reference found for sub-1522_ses-01_task-rest_bold.nii.gz.
240508-14:00:35,774 nipype.workflow INFO:
	 Found usable B0-map (fieldmap) estimator(s) <auto_00000> to correct </oak/stanford/groups/fvlin/ACT/data/bids/T1_baseline/ASU/sub-1522/ses-01/func/sub-1522_ses-01_task-rest_bold.nii.gz> for susceptibility-derived distortions.
240508-14:00:35,919 nipype.workflow IMPORTANT:
	 BOLD series will be slice-timing corrected to an offset of 3.98s.
240508-14:00:38,152 nipype.workflow INFO:
	 Setting-up fieldmap "auto_00000" (EstimatorType.PEPOLAR) with <sub-1522_ses-01_dir-AP_epi.nii.gz, sub-1522_ses-01_dir-PA_epi.nii.gz>
240508-14:00:44,793 nipype.workflow INFO:
	 fMRIPrep workflow graph with 463 nodes built successfully.
240508-14:01:11,530 nipype.workflow IMPORTANT:
	 fMRIPrep started!
240508-14:01:13,207 nipype.workflow WARNING:
	 Some nodes exceed the total amount of memory available (123.00GB).
240508-14:01:22,672 nipype.workflow INFO:
	 [Node] Setting-up "fmriprep_23_1_wf.single_subject_1522_wf.anat_preproc_wf.brain_extraction_wf.full_wm" in "/scratch/users/ppwang/Work/fmriprep_23_1_wf/single_subject_1522_wf/anat_preproc_wf/brain_extraction_wf/full_wm".
240508-14:01:22,682 nipype.workflow INFO:
	 [Node] Executing "full_wm" <nipype.interfaces.utility.wrappers.Function>
240508-14:01:22,696 nipype.workflow INFO:
	 [Node] Setting-up "fmriprep_23_1_wf.single_subject_1522_wf.func_preproc_ses_01_task_rest_wf.bold_source" in "/scratch/users/ppwang/Work/fmriprep_23_1_wf/single_subject_1522_wf/func_preproc_ses_01_task_rest_wf/bold_source".
240508-14:01:22,699 nipype.workflow INFO:
	 [Node] Setting-up "fmriprep_23_1_wf.single_subject_1522_wf.func_preproc_ses_01_task_rest_wf.func_derivatives_wf.raw_sources" in "/scratch/users/ppwang/Work/fmriprep_23_1_wf/single_subject_1522_wf/func_preproc_ses_01_task_rest_wf/func_derivatives_wf/raw_sources".
240508-14:01:22,705 nipype.workflow INFO:
	 [Node] Executing "bold_source" <nipype.interfaces.utility.base.Select>
240508-14:01:22,708 nipype.workflow INFO:
	 [Node] Finished "bold_source", elapsed time 0.000261s.
240508-14:01:22,709 nipype.workflow INFO:
	 [Node] Executing "raw_sources" <nipype.interfaces.utility.wrappers.Function>
240508-14:01:22,712 nipype.workflow INFO:
	 [Node] Finished "raw_sources", elapsed time 0.000493s.
240508-14:01:22,716 nipype.workflow INFO:
	 [Node] Setting-up "fmriprep_23_1_wf.single_subject_1522_wf.fmap_preproc_wf.out_merge_fmap_id" in "/scratch/users/ppwang/Work/fmriprep_23_1_wf/single_subject_1522_wf/fmap_preproc_wf/out_merge_fmap_id".
240508-14:01:22,717 nipype.workflow INFO:
	 [Node] Setting-up "fmriprep_23_1_wf.single_subject_1522_wf.fmap_preproc_wf.out_merge_method" in "/scratch/users/ppwang/Work/fmriprep_23_1_wf/single_subject_1522_wf/fmap_preproc_wf/out_merge_method".
240508-14:01:22,728 nipype.workflow INFO:
	 [Node] Executing "out_merge_method" <nipype.interfaces.utility.base.Merge>
240508-14:01:22,728 nipype.workflow INFO:
	 [Node] Executing "out_merge_fmap_id" <nipype.interfaces.utility.base.Merge>
240508-14:01:22,729 nipype.workflow INFO:
	 [Node] Finished "out_merge_method", elapsed time 0.000161s.
240508-14:01:22,731 nipype.workflow INFO:
	 [Node] Finished "out_merge_fmap_id", elapsed time 0.000194s.
240508-14:01:22,829 nipype.workflow INFO:
	 [Node] Setting-up "fmriprep_23_1_wf.single_subject_1522_wf.anat_preproc_wf.brain_extraction_wf.lap_tmpl" in "/scratch/users/ppwang/Work/fmriprep_23_1_wf/single_subject_1522_wf/anat_preproc_wf/brain_extraction_wf/lap_tmpl".
240508-14:01:22,838 nipype.workflow INFO:
	 [Node] Executing "lap_tmpl" <nipype.interfaces.ants.utils.ImageMath>
240508-14:01:23,24 nipype.workflow INFO:
	 [Node] Setting-up "fmriprep_23_1_wf.single_subject_1522_wf.anat_preproc_wf.brain_extraction_wf.res_tmpl" in "/scratch/users/ppwang/Work/fmriprep_23_1_wf/single_subject_1522_wf/anat_preproc_wf/brain_extraction_wf/res_tmpl".
240508-14:01:23,36 nipype.workflow INFO:
	 [Node] Executing "res_tmpl" <niworkflows.interfaces.nibabel.RegridToZooms>
240508-14:01:23,86 nipype.workflow INFO:
	 [Node] Setting-up "fmriprep_23_1_wf.single_subject_1522_wf.func_preproc_ses_01_task_rest_wf.initial_boldref_wf.get_dummy" in "/scratch/users/ppwang/Work/fmriprep_23_1_wf/single_subject_1522_wf/func_preproc_ses_01_task_rest_wf/initial_boldref_wf/get_dummy".
240508-14:01:23,96 nipype.workflow INFO:
	 [Node] Executing "get_dummy" <niworkflows.interfaces.bold.NonsteadyStatesDetector>
240508-14:01:23,106 nipype.workflow INFO:
	 [Node] Setting-up "_val_bold0" in "/scratch/users/ppwang/Work/fmriprep_23_1_wf/single_subject_1522_wf/func_preproc_ses_01_task_rest_wf/initial_boldref_wf/val_bold/mapflow/_val_bold0".
240508-14:01:23,115 nipype.workflow INFO:
	 [Node] Executing "_val_bold0" <niworkflows.interfaces.header.ValidateImage>
240508-14:01:23,156 nipype.workflow INFO:
	 [Node] Finished "_val_bold0", elapsed time 0.038828s.
240508-14:01:23,231 nipype.workflow INFO:
	 [Node] Finished "full_wm", elapsed time 0.546242s.
240508-14:01:23,360 nipype.workflow INFO:
	 [Node] Setting-up "fmriprep_23_1_wf.single_subject_1522_wf.func_preproc_ses_01_task_rest_wf.select_bold" in "/scratch/users/ppwang/Work/fmriprep_23_1_wf/single_subject_1522_wf/func_preproc_ses_01_task_rest_wf/select_bold".
240508-14:01:23,373 nipype.workflow INFO:
	 [Node] Setting-up "fmriprep_23_1_wf.single_subject_1522_wf.bidssrc" in "/scratch/users/ppwang/Work/fmriprep_23_1_wf/single_subject_1522_wf/bidssrc".
240508-14:01:23,383 nipype.workflow INFO:
	 [Node] Executing "bidssrc" <niworkflows.interfaces.bids.BIDSDataGrabber>
240508-14:01:23,385 nipype.interface INFO:
	 No "t2w" images found for sub-1522
240508-14:01:23,385 nipype.interface INFO:
	 No "sbref" images found for sub-1522
240508-14:01:23,385 nipype.interface INFO:
	 No "roi" images found for sub-1522
240508-14:01:23,385 nipype.workflow INFO:
	 [Node] Finished "bidssrc", elapsed time 0.000431s.
240508-14:01:23,837 nipype.workflow INFO:
	 [Node] Executing "select_bold" <nipype.interfaces.utility.base.Select>
240508-14:01:23,838 nipype.workflow INFO:
	 [Node] Finished "select_bold", elapsed time 0.000208s.
240508-14:01:23,981 nipype.workflow INFO:
	 [Node] Setting-up "_runwise_avg0" in "/scratch/users/ppwang/Work/fmriprep_23_1_wf/single_subject_1522_wf/fmap_preproc_wf/wf_auto_00000/runwise_avg/mapflow/_runwise_avg0".
240508-14:01:23,990 nipype.workflow INFO:
	 [Node] Executing "_runwise_avg0" <niworkflows.interfaces.images.RobustAverage>
240508-14:01:24,73 nipype.workflow INFO:
	 [Node] Finished "_runwise_avg0", elapsed time 0.081961s.
240508-14:01:24,340 nipype.workflow INFO:
	 [Node] Finished "res_tmpl", elapsed time 1.301919s.
240508-14:01:25,525 nipype.workflow INFO:
	 [Node] Setting-up "_runwise_avg1" in "/scratch/users/ppwang/Work/fmriprep_23_1_wf/single_subject_1522_wf/fmap_preproc_wf/wf_auto_00000/runwise_avg/mapflow/_runwise_avg1".
240508-14:01:25,534 nipype.workflow INFO:
	 [Node] Executing "_runwise_avg1" <niworkflows.interfaces.images.RobustAverage>
240508-14:01:25,589 nipype.workflow INFO:
	 [Node] Finished "_runwise_avg1", elapsed time 0.054149s.
240508-14:01:25,718 nipype.workflow INFO:
	 [Node] Setting-up "fmriprep_23_1_wf.single_subject_1522_wf.anat_preproc_wf.anat_template_wf.anat_ref_dimensions" in "/scratch/users/ppwang/Work/fmriprep_23_1_wf/single_subject_1522_wf/anat_preproc_wf/anat_template_wf/anat_ref_dimensions".
240508-14:01:25,897 nipype.workflow INFO:
	 [Node] Finished "get_dummy", elapsed time 2.798639s.
240508-14:01:26,880 nipype.workflow INFO:
	 [Node] Executing "anat_ref_dimensions" <niworkflows.interfaces.images.TemplateDimensions>
240508-14:01:26,887 nipype.workflow INFO:
	 [Node] Setting-up "fmriprep_23_1_wf.single_subject_1522_wf.bids_info" in "/scratch/users/ppwang/Work/fmriprep_23_1_wf/single_subject_1522_wf/bids_info".
240508-14:01:26,896 nipype.workflow INFO:
	 [Node] Executing "bids_info" <niworkflows.interfaces.bids.BIDSInfo>
240508-14:01:26,902 nipype.workflow INFO:
	 [Node] Finished "bids_info", elapsed time 0.005459s.
240508-14:01:27,47 nipype.workflow INFO:
	 [Node] Finished "anat_ref_dimensions", elapsed time 0.164274s.
240508-14:01:27,505 nipype.workflow INFO:
	 [Node] Setting-up "fmriprep_23_1_wf.single_subject_1522_wf.func_preproc_ses_01_task_rest_wf.initial_boldref_wf.gen_avg" in "/scratch/users/ppwang/Work/fmriprep_23_1_wf/single_subject_1522_wf/func_preproc_ses_01_task_rest_wf/initial_boldref_wf/gen_avg".
240508-14:01:27,531 nipype.workflow INFO:
	 [Node] Executing "gen_avg" <niworkflows.interfaces.images.RobustAverage>
240508-14:01:27,612 nipype.workflow INFO:
	 [Node] Setting-up "_runwise_avg0" in "/scratch/users/ppwang/Work/fmriprep_23_1_wf/single_subject_1522_wf/fmap_preproc_wf/wf_auto_00000/runwise_avg/mapflow/_runwise_avg0".
240508-14:01:27,614 nipype.workflow INFO:
	 [Node] Cached "_runwise_avg0" - collecting precomputed outputs
240508-14:01:27,614 nipype.workflow INFO:
	 [Node] "_runwise_avg0" found cached.
240508-14:01:27,615 nipype.workflow INFO:
	 [Node] Setting-up "_runwise_avg1" in "/scratch/users/ppwang/Work/fmriprep_23_1_wf/single_subject_1522_wf/fmap_preproc_wf/wf_auto_00000/runwise_avg/mapflow/_runwise_avg1".
240508-14:01:27,617 nipype.workflow INFO:
	 [Node] Cached "_runwise_avg1" - collecting precomputed outputs
240508-14:01:27,617 nipype.workflow INFO:
	 [Node] "_runwise_avg1" found cached.
240508-14:01:27,653 nipype.workflow INFO:
	 [Node] Setting-up "fmriprep_23_1_wf.single_subject_1522_wf.anat_preproc_wf.fs_isrunning" in "/scratch/users/ppwang/Work/fmriprep_23_1_wf/single_subject_1522_wf/anat_preproc_wf/fs_isrunning".
240508-14:01:27,799 nipype.workflow INFO:
	 [Node] Setting-up "fmriprep_23_1_wf.single_subject_1522_wf.anat_preproc_wf.anat_derivatives_wf.raw_sources" in "/scratch/users/ppwang/Work/fmriprep_23_1_wf/single_subject_1522_wf/anat_preproc_wf/anat_derivatives_wf/raw_sources".
240508-14:01:27,808 nipype.workflow INFO:
	 [Node] Executing "raw_sources" <nipype.interfaces.utility.wrappers.Function>
240508-14:01:27,810 nipype.workflow INFO:
	 [Node] Finished "raw_sources", elapsed time 0.000347s.
240508-14:01:28,628 nipype.workflow INFO:
	 [Node] Finished "lap_tmpl", elapsed time 5.786754s.
240508-14:01:28,799 nipype.workflow INFO:
	 [Node] Executing "fs_isrunning" <nipype.interfaces.utility.wrappers.Function>
240508-14:01:28,801 nipype.workflow INFO:
	 [Node] Finished "fs_isrunning", elapsed time 0.000429s.
240508-14:01:29,353 nipype.workflow INFO:
	 [Node] Setting-up "fmriprep_23_1_wf.single_subject_1522_wf.anat_preproc_wf.brain_extraction_wf.mrg_tmpl" in "/scratch/users/ppwang/Work/fmriprep_23_1_wf/single_subject_1522_wf/anat_preproc_wf/brain_extraction_wf/mrg_tmpl".
240508-14:01:29,399 nipype.workflow INFO:
	 [Node] Setting-up "fmriprep_23_1_wf.single_subject_1522_wf.fmap_preproc_wf.wf_auto_00000.regrid" in "/scratch/users/ppwang/Work/fmriprep_23_1_wf/single_subject_1522_wf/fmap_preproc_wf/wf_auto_00000/regrid".
240508-14:01:29,400 nipype.workflow INFO:
	 [Node] Executing "mrg_tmpl" <nipype.interfaces.utility.base.Merge>
240508-14:01:29,401 nipype.workflow INFO:
	 [Node] Finished "mrg_tmpl", elapsed time 0.000154s.
240508-14:01:29,403 nipype.workflow INFO:
	 [Node] Setting-up "_denoise0" in "/scratch/users/ppwang/Work/fmriprep_23_1_wf/single_subject_1522_wf/anat_preproc_wf/anat_template_wf/denoise/mapflow/_denoise0".
240508-14:01:29,410 nipype.workflow INFO:
	 [Node] Executing "regrid" <sdcflows.interfaces.utils.UniformGrid>
240508-14:01:29,413 nipype.workflow INFO:
	 [Node] Executing "_denoise0" <nipype.interfaces.ants.segmentation.DenoiseImage>
240508-14:01:29,747 nipype.workflow INFO:
	 [Node] Finished "regrid", elapsed time 0.336392s.
240508-14:01:29,885 nipype.interface INFO:
	 stderr 2024-05-08T14:01:29.885010:++ 3dvolreg: AFNI version=AFNI_23.2.02 (Jul 28 2023) [64-bit]
240508-14:01:29,885 nipype.interface INFO:
	 stderr 2024-05-08T14:01:29.885010:++ Authored by: RW Cox
240508-14:01:29,886 nipype.interface INFO:
	 stderr 2024-05-08T14:01:29.886334:** AFNI converts NIFTI_datatype=4 (INT16) in file /scratch/users/ppwang/Work/fmriprep_23_1_wf/single_subject_1522_wf/func_preproc_ses_01_task_rest_wf/initial_boldref_wf/gen_avg/sub-1522_ses-01_task-rest_bold_sliced.nii.gz to FLOAT32
240508-14:01:29,886 nipype.interface INFO:
	 stderr 2024-05-08T14:01:29.886334:     Warnings of this type will be muted for this session.
240508-14:01:29,886 nipype.interface INFO:
	 stderr 2024-05-08T14:01:29.886334:     Set AFNI_NIFTI_TYPE_WARN to YES to see them all, NO to see none.
240508-14:01:29,887 nipype.interface INFO:
	 stderr 2024-05-08T14:01:29.887893:++ Coarse del was 10, replaced with 8
240508-14:01:31,245 nipype.workflow INFO:
	 [Node] Setting-up "fmriprep_23_1_wf.single_subject_1522_wf.func_preproc_ses_01_task_rest_wf.bold_stc_wf.slice_timing_correction" in "/scratch/users/ppwang/Work/fmriprep_23_1_wf/single_subject_1522_wf/func_preproc_ses_01_task_rest_wf/bold_stc_wf/slice_timing_correction".
240508-14:01:31,261 nipype.workflow INFO:
	 [Node] Executing "slice_timing_correction" <fmriprep.workflows.bold.stc.TShift>
240508-14:01:31,417 nipype.workflow INFO:
	 [Node] Finished "slice_timing_correction", elapsed time 0.154407s.
240508-14:01:31,417 nipype.workflow WARNING:
	 Storing result file without outputs
240508-14:01:31,420 nipype.workflow WARNING:
	 [Node] Error on "fmriprep_23_1_wf.single_subject_1522_wf.func_preproc_ses_01_task_rest_wf.bold_stc_wf.slice_timing_correction" (/scratch/users/ppwang/Work/fmriprep_23_1_wf/single_subject_1522_wf/func_preproc_ses_01_task_rest_wf/bold_stc_wf/slice_timing_correction)
240508-14:01:33,227 nipype.workflow ERROR:
	 Node slice_timing_correction failed to run on host sh03-01n17.int.
240508-14:01:33,232 nipype.workflow ERROR:
	 Saving crash info to /oak/stanford/groups/fvlin/ACT/data/bids/T1_baseline/ASU/derivatives/fmriprep/sub-1522/log/20240508-135958_fe4d6044-43c9-43f3-ade5-947ba6c8b81a/crash-20240508-140133-ppwang-slice_timing_correction-ff4b5f57-af30-484c-aa79-e595a13137ec.txt
Traceback (most recent call last):
  File "/opt/conda/envs/fmriprep/lib/python3.10/site-packages/nipype/pipeline/plugins/multiproc.py", line 67, in run_node
    result["result"] = node.run(updatehash=updatehash)
  File "/opt/conda/envs/fmriprep/lib/python3.10/site-packages/nipype/pipeline/engine/nodes.py", line 527, in run
    result = self._run_interface(execute=True)
  File "/opt/conda/envs/fmriprep/lib/python3.10/site-packages/nipype/pipeline/engine/nodes.py", line 645, in _run_interface
    return self._run_command(execute)
  File "/opt/conda/envs/fmriprep/lib/python3.10/site-packages/nipype/pipeline/engine/nodes.py", line 771, in _run_command
    raise NodeExecutionError(msg)
nipype.pipeline.engine.nodes.NodeExecutionError: Exception raised while executing Node slice_timing_correction.

Cmdline:
	3dTshift -ignore 3 -prefix sub-1522_ses-01_task-rest_bold_tshift.nii.gz -tpattern @slice_timing.1D -TR 1.03s -tzero 3.981 /scratch/users/ppwang/Work/fmriprep_23_1_wf/single_subject_1522_wf/func_preproc_ses_01_task_rest_wf/bold_stc_wf/slice_timing_correction/sub-1522_ses-01_task-rest_bold.nii.gz
Stdout:

Stderr:
	++ 3dTshift: AFNI version=AFNI_23.2.02 (Jul 28 2023) [64-bit]
	[7m** FATAL ERROR:[0m Illegal value 4.0325 in tpattern file slice_timing.1D
	** Program compile date = Jul 28 2023
Traceback:
	Traceback (most recent call last):
	  File "/opt/conda/envs/fmriprep/lib/python3.10/site-packages/nipype/interfaces/base/core.py", line 453, in aggregate_outputs
	    setattr(outputs, key, val)
	  File "/opt/conda/envs/fmriprep/lib/python3.10/site-packages/nipype/interfaces/base/traits_extension.py", line 330, in validate
	    value = super(File, self).validate(objekt, name, value, return_pathlike=True)
	  File "/opt/conda/envs/fmriprep/lib/python3.10/site-packages/nipype/interfaces/base/traits_extension.py", line 135, in validate
	    self.error(objekt, name, str(value))
	  File "/opt/conda/envs/fmriprep/lib/python3.10/site-packages/traits/base_trait_handler.py", line 74, in error
	    raise TraitError(
	traits.trait_errors.TraitError: The 'out_file' trait of a TShiftOutputSpec instance must be a pathlike object or string representing an existing file, but a value of '/scratch/users/ppwang/Work/fmriprep_23_1_wf/single_subject_1522_wf/func_preproc_ses_01_task_rest_wf/bold_stc_wf/slice_timing_correction/sub-1522_ses-01_task-rest_bold_tshift.nii.gz' <class 'str'> was specified.

	During handling of the above exception, another exception occurred:

	Traceback (most recent call last):
	  File "/opt/conda/envs/fmriprep/lib/python3.10/site-packages/nipype/interfaces/base/core.py", line 400, in run
	    outputs = self.aggregate_outputs(runtime)
	  File "/opt/conda/envs/fmriprep/lib/python3.10/site-packages/nipype/interfaces/base/core.py", line 460, in aggregate_outputs
	    raise FileNotFoundError(msg)
	FileNotFoundError: No such file or directory '/scratch/users/ppwang/Work/fmriprep_23_1_wf/single_subject_1522_wf/func_preproc_ses_01_task_rest_wf/bold_stc_wf/slice_timing_correction/sub-1522_ses-01_task-rest_bold_tshift.nii.gz' for output 'out_file' of a TShift interface


240508-14:01:33,251 nipype.workflow CRITICAL:
	 fMRIPrep failed: Traceback (most recent call last):
  File "/opt/conda/envs/fmriprep/lib/python3.10/site-packages/nipype/pipeline/plugins/multiproc.py", line 67, in run_node
    result["result"] = node.run(updatehash=updatehash)
  File "/opt/conda/envs/fmriprep/lib/python3.10/site-packages/nipype/pipeline/engine/nodes.py", line 527, in run
    result = self._run_interface(execute=True)
  File "/opt/conda/envs/fmriprep/lib/python3.10/site-packages/nipype/pipeline/engine/nodes.py", line 645, in _run_interface
    return self._run_command(execute)
  File "/opt/conda/envs/fmriprep/lib/python3.10/site-packages/nipype/pipeline/engine/nodes.py", line 771, in _run_command
    raise NodeExecutionError(msg)
nipype.pipeline.engine.nodes.NodeExecutionError: Exception raised while executing Node slice_timing_correction.

Cmdline:
	3dTshift -ignore 3 -prefix sub-1522_ses-01_task-rest_bold_tshift.nii.gz -tpattern @slice_timing.1D -TR 1.03s -tzero 3.981 /scratch/users/ppwang/Work/fmriprep_23_1_wf/single_subject_1522_wf/func_preproc_ses_01_task_rest_wf/bold_stc_wf/slice_timing_correction/sub-1522_ses-01_task-rest_bold.nii.gz
Stdout:

Stderr:
	++ 3dTshift: AFNI version=AFNI_23.2.02 (Jul 28 2023) [64-bit]
	[7m** FATAL ERROR:[0m Illegal value 4.0325 in tpattern file slice_timing.1D
	** Program compile date = Jul 28 2023
Traceback:
	Traceback (most recent call last):
	  File "/opt/conda/envs/fmriprep/lib/python3.10/site-packages/nipype/interfaces/base/core.py", line 453, in aggregate_outputs
	    setattr(outputs, key, val)
	  File "/opt/conda/envs/fmriprep/lib/python3.10/site-packages/nipype/interfaces/base/traits_extension.py", line 330, in validate
	    value = super(File, self).validate(objekt, name, value, return_pathlike=True)
	  File "/opt/conda/envs/fmriprep/lib/python3.10/site-packages/nipype/interfaces/base/traits_extension.py", line 135, in validate
	    self.error(objekt, name, str(value))
	  File "/opt/conda/envs/fmriprep/lib/python3.10/site-packages/traits/base_trait_handler.py", line 74, in error
	    raise TraitError(
	traits.trait_errors.TraitError: The 'out_file' trait of a TShiftOutputSpec instance must be a pathlike object or string representing an existing file, but a value of '/scratch/users/ppwang/Work/fmriprep_23_1_wf/single_subject_1522_wf/func_preproc_ses_01_task_rest_wf/bold_stc_wf/slice_timing_correction/sub-1522_ses-01_task-rest_bold_tshift.nii.gz' <class 'str'> was specified.

	During handling of the above exception, another exception occurred:

	Traceback (most recent call last):
	  File "/opt/conda/envs/fmriprep/lib/python3.10/site-packages/nipype/interfaces/base/core.py", line 400, in run
	    outputs = self.aggregate_outputs(runtime)
	  File "/opt/conda/envs/fmriprep/lib/python3.10/site-packages/nipype/interfaces/base/core.py", line 460, in aggregate_outputs
	    raise FileNotFoundError(msg)
	FileNotFoundError: No such file or directory '/scratch/users/ppwang/Work/fmriprep_23_1_wf/single_subject_1522_wf/func_preproc_ses_01_task_rest_wf/bold_stc_wf/slice_timing_correction/sub-1522_ses-01_task-rest_bold_tshift.nii.gz' for output 'out_file' of a TShift interface


240508-14:01:33,775 cli ERROR:
	 Preprocessing did not finish successfully. Errors occurred while processing data from participants: 1522 (1). Check the HTML reports for details.
240508-14:01:38,554 nipype.interface INFO:
	 stderr 2024-05-08T14:01:38.554490:++ Max displacement in automask = 0.11 (mm) at sub-brick 1
240508-14:01:38,554 nipype.interface INFO:
	 stderr 2024-05-08T14:01:38.554490:++ Max delta displ  in automask = 0.14 (mm) at sub-brick 2
240508-14:01:39,343 nipype.workflow INFO:
	 [Node] Finished "gen_avg", elapsed time 11.811276s.
240508-14:02:07,405 nipype.workflow INFO:
	 [Node] Finished "_denoise0", elapsed time 37.989706s.
